[+] Containers:
 |- [+] Container: /Game/ThirdPerson/Maps/ThirdPersonMap
 |   |- [+] ActorDescs:
 |   |   |- Guid:034051324208A5A2477D219751E3A45E BaseClass:/Game/ThirdPerson/Blueprints/BP_Tile.BP_Tile_C NativeClass:/Script/Engine.Actor Name:BP_Tile_C_UAID_E89C25A5B951E83802_1506605485 Label:BP_Tile9 SpatiallyLoaded:1 Bounds:IsValid=true, Min=(X=1462.500 Y=131.500 Z=-0.445), Max=(X=1537.500 Y=206.500 Z=122.000) RuntimeGrid:None EditorOnly:0 RuntimeOnly:0 HLODRelevant:0 ListedInSceneOutliner:1 IsMainWorldOnly:0 Parent:33812DB34978FF90ECC194AB8ED5D072 FolderPath:Jump3 FolderGuid:FBA4E24C4D8148C03C9E4A9FDAADF4B2
 |   |   |- Guid:09102E814B6260FF998834AF9181070F BaseClass:/Game/ThirdPerson/Blueprints/BP_Tile.BP_Tile_C NativeClass:/Script/Engine.Actor Name:BP_Tile_C_UAID_E89C25A5B951E83802_1506603484 Label:BP_Tile8 SpatiallyLoaded:1 Bounds:IsValid=true, Min=(X=1456.892 Y=-42.675 Z=-0.445), Max=(X=1541.588 Y=41.376 Z=122.000) RuntimeGrid:None EditorOnly:0 RuntimeOnly:0 HLODRelevant:0 ListedInSceneOutliner:1 IsMainWorldOnly:0 Parent:33812DB34978FF90ECC194AB8ED5D072 FolderPath:Jump3 FolderGuid:FBA4E24C4D8148C03C9E4A9FDAADF4B2
 |   |   |- Guid:0960C7FD4FBB0591F17425B027A0729C BaseClass:/Game/ThirdPerson/Blueprints/BP_Svetlo.BP_Svetlo_C NativeClass:/Script/Engine.Actor Name:BP_Svetlo_C_UAID_E89C25A5B951223902_1949526688 Label:BP_Svetlo3 SpatiallyLoaded:1 Bounds:IsValid=true, Min=(X=670.000 Y=-220.000 Z=502.000), Max=(X=820.000 Y=-180.000 Z=512.000) RuntimeGrid:None EditorOnly:0 RuntimeOnly:0 HLODRelevant:0 ListedInSceneOutliner:1 IsMainWorldOnly:0 FolderPath:Svetla FolderGuid:1DEF0311458B07A43BE3949CDF79056F
 |   |   |- Guid:0A23BECE4F368F3E72711FB98BCDB188 BaseClass:/Game/ThirdPerson/Blueprints/BP_Checkpoint.BP_Checkpoint_C NativeClass:/Script/Engine.Actor Name:BP_Checkpoint_C_UAID_E89C25A5B951E73802_1693495290 Label:BP_Checkpoint1 SpatiallyLoaded:1 Bounds:IsValid=true, Min=(X=-25.000 Y=-195.000 Z=-0.000), Max=(X=240.000 Y=197.000 Z=196.000) RuntimeGrid:None EditorOnly:0 RuntimeOnly:0 HLODRelevant:0 ListedInSceneOutliner:1 IsMainWorldOnly:0 FolderPath:Jump1 FolderGuid:A7703A554862A239578EF2A76320F1CC
 |   |   |- Guid:118D1FF343D6D4E5EDB18099551F899C BaseClass:/Game/ThirdPerson/Blueprints/BP_Tile.BP_Tile_C NativeClass:/Script/Engine.Actor Name:BP_Tile_C_UAID_E89C25A5B951E73802_1693498291 Label:BP_Tile1 SpatiallyLoaded:1 Bounds:IsValid=true, Min=(X=259.291 Y=-207.538 Z=-0.445), Max=(X=338.855 Y=-131.212 Z=122.000) RuntimeGrid:None EditorOnly:0 RuntimeOnly:0 HLODRelevant:0 ListedInSceneOutliner:1 IsMainWorldOnly:0 Parent:0A23BECE4F368F3E72711FB98BCDB188 FolderPath:Jump1 FolderGuid:A7703A554862A239578EF2A76320F1CC
 |   |   |- Guid:1DAF677F4E237D378975C49549F40DB8 BaseClass:/Game/ThirdPerson/Blueprints/BP_Checkpoint.BP_Checkpoint_C NativeClass:/Script/Engine.Actor Name:BP_Checkpoint_C_UAID_E89C25A5B951E83802_1181534478 Label:BP_Checkpoint2 SpatiallyLoaded:1 Bounds:IsValid=true, Min=(X=575.000 Y=-195.000 Z=-0.000), Max=(X=840.000 Y=197.000 Z=196.000) RuntimeGrid:None EditorOnly:0 RuntimeOnly:0 HLODRelevant:0 ListedInSceneOutliner:1 IsMainWorldOnly:0 FolderPath:Jump2 FolderGuid:7E282D6A4A5B5A8848F7A18EA8C6A10A
 |   |   |- Guid:200C945D41907C8F857790868F290809 BaseClass:/Game/ThirdPerson/Blueprints/BP_Svetlo.BP_Svetlo_C NativeClass:/Script/Engine.Actor Name:BP_Svetlo_C_UAID_E89C25A5B951223902_2010468695 Label:BP_Svetlo10 SpatiallyLoaded:1 Bounds:IsValid=true, Min=(X=970.000 Y=180.000 Z=502.000), Max=(X=1120.000 Y=220.000 Z=512.000) RuntimeGrid:None EditorOnly:0 RuntimeOnly:0 HLODRelevant:0 ListedInSceneOutliner:1 IsMainWorldOnly:0 FolderPath:Svetla FolderGuid:1DEF0311458B07A43BE3949CDF79056F
 |   |   |- Guid:33812DB34978FF90ECC194AB8ED5D072 BaseClass:/Game/ThirdPerson/Blueprints/BP_Checkpoint.BP_Checkpoint_C NativeClass:/Script/Engine.Actor Name:BP_Checkpoint_C_UAID_E89C25A5B951E83802_1499473482 Label:BP_Checkpoint3 SpatiallyLoaded:1 Bounds:IsValid=true, Min=(X=1175.000 Y=-195.000 Z=-0.000), Max=(X=1440.000 Y=197.000 Z=196.000) RuntimeGrid:None EditorOnly:0 RuntimeOnly:0 HLODRelevant:0 ListedInSceneOutliner:1 IsMainWorldOnly:0 FolderPath:Jump3 FolderGuid:FBA4E24C4D8148C03C9E4A9FDAADF4B2
 |   |   |- Guid:35FBCAAD460EEB4DA6697DA90ED22C6C BaseClass:/Game/ThirdPerson/Blueprints/BP_Svetlo.BP_Svetlo_C NativeClass:/Script/Engine.Actor Name:BP_Svetlo_C_UAID_E89C25A5B951223902_1962064690 Label:BP_Svetlo5 SpatiallyLoaded:1 Bounds:IsValid=true, Min=(X=1270.000 Y=-220.000 Z=502.000), Max=(X=1420.000 Y=-180.000 Z=512.000) RuntimeGrid:None EditorOnly:0 RuntimeOnly:0 HLODRelevant:0 ListedInSceneOutliner:1 IsMainWorldOnly:0 FolderPath:Svetla FolderGuid:1DEF0311458B07A43BE3949CDF79056F
 |   |   |- Guid:370899864DBB503240231AA5290DD93D BaseClass: NativeClass:/Script/Engine.StaticMeshActor Name:StaticMeshActor_UAID_E89C25A5B9511F3902_1433346146 Label:mistnost_Floor SpatiallyLoaded:1 Bounds:IsValid=true, Min=(X=-100.000 Y=-350.000 Z=-0.000), Max=(X=1900.000 Y=350.000 Z=0.000) RuntimeGrid:None EditorOnly:0 RuntimeOnly:0 HLODRelevant:1 ListedInSceneOutliner:1 IsMainWorldOnly:0 FolderPath:Mistnost FolderGuid:3E76C401462AED321C420C8D10C0142C
 |   |   |- Guid:37E9E63148AC84C3E0F8128B571546D8 BaseClass:/Game/ThirdPerson/Blueprints/BP_Svetlo.BP_Svetlo_C NativeClass:/Script/Engine.Actor Name:BP_Svetlo_C_UAID_E89C25A5B951223902_1752083686 Label:BP_Svetlo SpatiallyLoaded:1 Bounds:IsValid=true, Min=(X=70.000 Y=-220.000 Z=502.000), Max=(X=220.000 Y=-180.000 Z=512.000) RuntimeGrid:None EditorOnly:0 RuntimeOnly:0 HLODRelevant:0 ListedInSceneOutliner:1 IsMainWorldOnly:0 FolderPath:Svetla FolderGuid:1DEF0311458B07A43BE3949CDF79056F
 |   |   |- Guid:3BEADE574DF086F655F86FA867166AB4 BaseClass: NativeClass:/Script/Engine.StaticMeshActor Name:StaticMeshActor_UAID_E89C25A5B9511F3902_1433344144 Label:mistnost_LeftWall SpatiallyLoaded:1 Bounds:IsValid=true, Min=(X=-100.000 Y=-350.000 Z=-0.000), Max=(X=1900.000 Y=-350.000 Z=600.000) RuntimeGrid:None EditorOnly:0 RuntimeOnly:0 HLODRelevant:1 ListedInSceneOutliner:1 IsMainWorldOnly:0 FolderPath:Mistnost FolderGuid:3E76C401462AED321C420C8D10C0142C
 |   |   |- Guid:4BBB8AC94148D216B8EB789C9473F1A1 BaseClass: NativeClass:/Script/Engine.StaticMeshActor Name:StaticMeshActor_UAID_E89C25A5B9511F3902_1433348148 Label:mistnost_BackWall SpatiallyLoaded:1 Bounds:IsValid=true, Min=(X=1900.000 Y=-350.000 Z=-0.000), Max=(X=1900.000 Y=350.000 Z=600.000) RuntimeGrid:None EditorOnly:0 RuntimeOnly:0 HLODRelevant:1 ListedInSceneOutliner:1 IsMainWorldOnly:0 FolderPath:Mistnost FolderGuid:3E76C401462AED321C420C8D10C0142C
 |   |   |- Guid:4D753D8C4B5870DC7D8807A2184A5B2E BaseClass:/Game/ThirdPerson/Blueprints/BP_Svetlo.BP_Svetlo_C NativeClass:/Script/Engine.Actor Name:BP_Svetlo_C_UAID_E89C25A5B951223902_2010466693 Label:BP_Svetlo8 SpatiallyLoaded:1 Bounds:IsValid=true, Min=(X=370.000 Y=180.000 Z=502.000), Max=(X=520.000 Y=220.000 Z=512.000) RuntimeGrid:None EditorOnly:0 RuntimeOnly:0 HLODRelevant:0 ListedInSceneOutliner:1 IsMainWorldOnly:0 FolderPath:Svetla FolderGuid:1DEF0311458B07A43BE3949CDF79056F
 |   |   |- Guid:4DE8D1CA4D7DBDC2425F378A7C4E9E27 BaseClass: NativeClass:/Script/Engine.StaticMeshActor Name:StaticMeshActor_UAID_E89C25A5B9511F3902_1433347147 Label:mistnost_Ceiling SpatiallyLoaded:1 Bounds:IsValid=true, Min=(X=-100.000 Y=-350.000 Z=600.000), Max=(X=1900.000 Y=350.000 Z=600.000) RuntimeGrid:None EditorOnly:0 RuntimeOnly:0 HLODRelevant:1 ListedInSceneOutliner:1 IsMainWorldOnly:0 FolderPath:Mistnost FolderGuid:3E76C401462AED321C420C8D10C0142C
 |   |   |- Guid:549766514AE8189E881679B02BFE6793 BaseClass:/Game/ThirdPerson/Blueprints/BP_Tile.BP_Tile_C NativeClass:/Script/Engine.Actor Name:BP_Tile_C_UAID_E89C25A5B951E83802_1181537480 Label:BP_Tile5 SpatiallyLoaded:1 Bounds:IsValid=true, Min=(X=862.500 Y=-37.500 Z=-0.445), Max=(X=937.500 Y=37.500 Z=122.000) RuntimeGrid:None EditorOnly:0 RuntimeOnly:0 HLODRelevant:0 ListedInSceneOutliner:1 IsMainWorldOnly:0 Parent:1DAF677F4E237D378975C49549F40DB8 FolderPath:Jump2 FolderGuid:7E282D6A4A5B5A8848F7A18EA8C6A10A
 |   |   |- Guid:5DACB42342FDEDEBAE9472B1819740BB BaseClass:/Game/ThirdPerson/Blueprints/BP_Svetlo.BP_Svetlo_C NativeClass:/Script/Engine.Actor Name:BP_Svetlo_C_UAID_E89C25A5B951223902_1957897689 Label:BP_Svetlo4 SpatiallyLoaded:1 Bounds:IsValid=true, Min=(X=970.000 Y=-220.000 Z=502.000), Max=(X=1120.000 Y=-180.000 Z=512.000) RuntimeGrid:None EditorOnly:0 RuntimeOnly:0 HLODRelevant:0 ListedInSceneOutliner:1 IsMainWorldOnly:0 FolderPath:Svetla FolderGuid:1DEF0311458B07A43BE3949CDF79056F
 |   |   |- Guid:5EEAA19140A6D95F42B28EBCE4A56D81 BaseClass: NativeClass:/Script/Engine.DecalActor Name:DecalActor_UAID_E89C25A5B951233902_1813131875 Label:M_Decal-theresNoEscape SpatiallyLoaded:1 Bounds:IsValid=true, Min=(X=1025.277 Y=187.667 Z=106.667), Max=(X=1642.723 Y=512.333 Z=431.333) RuntimeGrid:None EditorOnly:0 RuntimeOnly:0 HLODRelevant:0 ListedInSceneOutliner:1 IsMainWorldOnly:0
 |   |   |- Guid:6BAF4DDD444C60371492D3919DB42C97 BaseClass: NativeClass:/Script/Engine.WorldDataLayers Name:WorldDataLayers Label:WorldDataLayers SpatiallyLoaded:0 Bounds:IsValid=true, Min=(X=0.000 Y=0.000 Z=0.000), Max=(X=0.000 Y=0.000 Z=0.000) RuntimeGrid:None EditorOnly:0 RuntimeOnly:0 HLODRelevant:0 ListedInSceneOutliner:1 IsMainWorldOnly:1
 |   |   |- Guid:6CB47B2A435D03027A96BA961939648D BaseClass:/Game/ThirdPerson/Blueprints/BP_Svetlo.BP_Svetlo_C NativeClass:/Script/Engine.Actor Name:BP_Svetlo_C_UAID_E89C25A5B951223902_2010469696 Label:BP_Svetlo11 SpatiallyLoaded:1 Bounds:IsValid=true, Min=(X=1270.000 Y=180.000 Z=502.000), Max=(X=1420.000 Y=220.000 Z=512.000) RuntimeGrid:None EditorOnly:0 RuntimeOnly:0 HLODRelevant:0 ListedInSceneOutliner:1 IsMainWorldOnly:0 FolderPath:Svetla FolderGuid:1DEF0311458B07A43BE3949CDF79056F
 |   |   |- Guid:6E4D76DB444E40B963CA46977F6EC657 BaseClass:/Game/ThirdPerson/Blueprints/BP_Floor.BP_Floor_C NativeClass:/Script/Engine.Actor Name:BP_Floor_C_UAID_E89C25A5B951EC3802_1640686192 Label:BP_Floor SpatiallyLoaded:1 Bounds:IsValid=true, Min=(X=-100.000 Y=-350.000 Z=-25.000), Max=(X=1900.000 Y=350.000 Z=25.000) RuntimeGrid:None EditorOnly:0 RuntimeOnly:0 HLODRelevant:0 ListedInSceneOutliner:1 IsMainWorldOnly:0
 |   |   |- Guid:741D96C24FC129B2C20329B90EBA485D BaseClass: NativeClass:/Script/Engine.StaticMeshActor Name:StaticMeshActor_UAID_E89C25A5B9511F3902_1433342143 Label:mistnost_RightWall SpatiallyLoaded:1 Bounds:IsValid=true, Min=(X=-100.000 Y=350.000 Z=-0.000), Max=(X=1900.000 Y=350.000 Z=600.000) RuntimeGrid:None EditorOnly:0 RuntimeOnly:0 HLODRelevant:1 ListedInSceneOutliner:1 IsMainWorldOnly:0 FolderPath:Mistnost FolderGuid:3E76C401462AED321C420C8D10C0142C
 |   |   |- Guid:7E1EF74C445E5B2B84E462B3F057A2A1 BaseClass: NativeClass:/Script/Engine.StaticMeshActor Name:StaticMeshActor_UAID_E89C25A5B951223902_1178320685 Label:tabule SpatiallyLoaded:1 Bounds:IsValid=true, Min=(X=1894.000 Y=-240.000 Z=4.000), Max=(X=1901.000 Y=240.000 Z=244.000) RuntimeGrid:None EditorOnly:0 RuntimeOnly:0 HLODRelevant:1 ListedInSceneOutliner:1 IsMainWorldOnly:0
 |   |   |- Guid:8367D1724337ED72C9943FB22B04287C BaseClass:/Game/ThirdPerson/Blueprints/BP_Svetlo.BP_Svetlo_C NativeClass:/Script/Engine.Actor Name:BP_Svetlo_C_UAID_E89C25A5B951223902_2010464692 Label:BP_Svetlo7 SpatiallyLoaded:1 Bounds:IsValid=true, Min=(X=70.000 Y=180.000 Z=502.000), Max=(X=220.000 Y=220.000 Z=512.000) RuntimeGrid:None EditorOnly:0 RuntimeOnly:0 HLODRelevant:0 ListedInSceneOutliner:1 IsMainWorldOnly:0 FolderPath:Svetla FolderGuid:1DEF0311458B07A43BE3949CDF79056F
 |   |   |- Guid:86DC93B0477DB02906EE85B7BFEFABF3 BaseClass:/Game/ThirdPerson/Blueprints/BP_Tile.BP_Tile_C NativeClass:/Script/Engine.Actor Name:BP_Tile_C_UAID_E89C25A5B951E73802_1693500292 Label:BP_Tile2 SpatiallyLoaded:1 Bounds:IsValid=true, Min=(X=259.680 Y=-38.013 Z=-0.445), Max=(X=338.446 Y=37.500 Z=122.000) RuntimeGrid:None EditorOnly:0 RuntimeOnly:0 HLODRelevant:0 ListedInSceneOutliner:1 IsMainWorldOnly:0 Parent:0A23BECE4F368F3E72711FB98BCDB188 FolderPath:Jump1 FolderGuid:A7703A554862A239578EF2A76320F1CC
 |   |   |- Guid:94F5317740671333C40AC5BB5C03C2B8 BaseClass:/Game/ThirdPerson/Blueprints/BP_Svetlo.BP_Svetlo_C NativeClass:/Script/Engine.Actor Name:BP_Svetlo_C_UAID_E89C25A5B951223902_1967649691 Label:BP_Svetlo6 SpatiallyLoaded:1 Bounds:IsValid=true, Min=(X=1570.000 Y=-220.000 Z=502.000), Max=(X=1720.000 Y=-180.000 Z=512.000) RuntimeGrid:None EditorOnly:0 RuntimeOnly:0 HLODRelevant:0 ListedInSceneOutliner:1 IsMainWorldOnly:0 FolderPath:Svetla FolderGuid:1DEF0311458B07A43BE3949CDF79056F
 |   |   |- Guid:9FA5A3CA4DACA1F7ADDC9AA6A21162AC BaseClass: NativeClass:/Script/Engine.StaticMeshActor Name:StaticMeshActor_UAID_E89C25A5B9511F3902_1433345145 Label:mistnost_FrontWall SpatiallyLoaded:1 Bounds:IsValid=true, Min=(X=-100.000 Y=-350.000 Z=0.000), Max=(X=-100.000 Y=350.000 Z=600.000) RuntimeGrid:None EditorOnly:0 RuntimeOnly:0 HLODRelevant:1 ListedInSceneOutliner:1 IsMainWorldOnly:0 FolderPath:Mistnost FolderGuid:3E76C401462AED321C420C8D10C0142C
 |   |   |- Guid:AF60FCD3439DFA75642F3599A9E21B37 BaseClass:/Game/ThirdPerson/Blueprints/BP_Svetlo.BP_Svetlo_C NativeClass:/Script/Engine.Actor Name:BP_Svetlo_C_UAID_E89C25A5B951223902_2010467694 Label:BP_Svetlo9 SpatiallyLoaded:1 Bounds:IsValid=true, Min=(X=670.000 Y=180.000 Z=502.000), Max=(X=820.000 Y=220.000 Z=512.000) RuntimeGrid:None EditorOnly:0 RuntimeOnly:0 HLODRelevant:0 ListedInSceneOutliner:1 IsMainWorldOnly:0 FolderPath:Svetla FolderGuid:1DEF0311458B07A43BE3949CDF79056F
 |   |   |- Guid:C3FD6AA844D229FB354EF2B98779DF5C BaseClass:/Game/ThirdPerson/Blueprints/BP_Tile.BP_Tile_C NativeClass:/Script/Engine.Actor Name:BP_Tile_C_UAID_E89C25A5B951E83802_1181536479 Label:BP_Tile4 SpatiallyLoaded:1 Bounds:IsValid=true, Min=(X=862.500 Y=-206.500 Z=-0.445), Max=(X=937.500 Y=-131.500 Z=122.000) RuntimeGrid:None EditorOnly:0 RuntimeOnly:0 HLODRelevant:0 ListedInSceneOutliner:1 IsMainWorldOnly:0 Parent:1DAF677F4E237D378975C49549F40DB8 FolderPath:Jump2 FolderGuid:7E282D6A4A5B5A8848F7A18EA8C6A10A
 |   |   |- Guid:CD0B4185417FC88D2D378E86C37F248B BaseClass: NativeClass:/Script/Engine.PlayerStart Name:PlayerStart_UAID_D85ED3AE9046713802_1733750521 Label:PlayerStart SpatiallyLoaded:0 Bounds:IsValid=true, Min=(X=-37.000 Y=-40.000 Z=98.000), Max=(X=43.000 Y=40.000 Z=282.000) RuntimeGrid:None EditorOnly:0 RuntimeOnly:0 HLODRelevant:0 ListedInSceneOutliner:1 IsMainWorldOnly:0
 |   |   |- Guid:CD6D6F2F4004CF002E264B9927F667DD BaseClass:/Game/ThirdPerson/Blueprints/BP_Tile.BP_Tile_C NativeClass:/Script/Engine.Actor Name:BP_Tile_C_UAID_E89C25A5B951E73802_1693501293 Label:BP_Tile3 SpatiallyLoaded:1 Bounds:IsValid=true, Min=(X=262.500 Y=131.500 Z=-0.445), Max=(X=337.500 Y=206.500 Z=122.000) RuntimeGrid:None EditorOnly:0 RuntimeOnly:0 HLODRelevant:0 ListedInSceneOutliner:1 IsMainWorldOnly:0 Parent:0A23BECE4F368F3E72711FB98BCDB188 FolderPath:Jump1 FolderGuid:A7703A554862A239578EF2A76320F1CC
 |   |   |- Guid:CDC97A294FD37EDD3EC6E38D233810CF BaseClass:/Game/ThirdPerson/Blueprints/BP_Checkpoint.BP_Checkpoint_C NativeClass:/Script/Engine.Actor Name:BP_Checkpoint_C_UAID_E89C25A5B951E83802_1513115486 Label:BP_Checkpoint4 SpatiallyLoaded:1 Bounds:IsValid=true, Min=(X=1775.000 Y=-195.000 Z=-0.000), Max=(X=2040.000 Y=197.000 Z=196.000) RuntimeGrid:None EditorOnly:0 RuntimeOnly:0 HLODRelevant:0 ListedInSceneOutliner:1 IsMainWorldOnly:0 FolderPath:Jump4 FolderGuid:B809F08746E02C61F35077806920CF36
 |   |   |- Guid:D51B17FD44649758989A8CB895BA8D47 BaseClass:/Game/ThirdPerson/Blueprints/BP_Tile.BP_Tile_C NativeClass:/Script/Engine.Actor Name:BP_Tile_C_UAID_E89C25A5B951E83802_1181539481 Label:BP_Tile6 SpatiallyLoaded:1 Bounds:IsValid=true, Min=(X=856.895 Y=126.156 Z=-0.445), Max=(X=941.625 Y=210.499 Z=122.000) RuntimeGrid:None EditorOnly:0 RuntimeOnly:0 HLODRelevant:0 ListedInSceneOutliner:1 IsMainWorldOnly:0 Parent:1DAF677F4E237D378975C49549F40DB8 FolderPath:Jump2 FolderGuid:7E282D6A4A5B5A8848F7A18EA8C6A10A
 |   |   |- Guid:E1C0328E4B350B6CE34E86B1862AA9F1 BaseClass:/Game/ThirdPerson/Blueprints/BP_Svetlo.BP_Svetlo_C NativeClass:/Script/Engine.Actor Name:BP_Svetlo_C_UAID_E89C25A5B951223902_2010470697 Label:BP_Svetlo12 SpatiallyLoaded:1 Bounds:IsValid=true, Min=(X=1570.000 Y=180.000 Z=502.000), Max=(X=1720.000 Y=220.000 Z=512.000) RuntimeGrid:None EditorOnly:0 RuntimeOnly:0 HLODRelevant:0 ListedInSceneOutliner:1 IsMainWorldOnly:0 FolderPath:Svetla FolderGuid:1DEF0311458B07A43BE3949CDF79056F
 |   |   |- Guid:E3D440884319D4E5A06CE0A4E3F96710 BaseClass:/Game/ThirdPerson/Blueprints/BP_Tile.BP_Tile_C NativeClass:/Script/Engine.Actor Name:BP_Tile_C_UAID_E89C25A5B951E83802_1506601483 Label:BP_Tile7 SpatiallyLoaded:1 Bounds:IsValid=true, Min=(X=1457.672 Y=-208.908 Z=-0.445), Max=(X=1540.603 Y=-128.079 Z=122.000) RuntimeGrid:None EditorOnly:0 RuntimeOnly:0 HLODRelevant:0 ListedInSceneOutliner:1 IsMainWorldOnly:0 Parent:33812DB34978FF90ECC194AB8ED5D072 FolderPath:Jump3 FolderGuid:FBA4E24C4D8148C03C9E4A9FDAADF4B2
 |   |   |- Guid:E71C2B9A4EA9260F3B54B98260B99C51 BaseClass:/Game/ThirdPerson/Blueprints/BP_Svetlo.BP_Svetlo_C NativeClass:/Script/Engine.Actor Name:BP_Svetlo_C_UAID_E89C25A5B951223902_1931604687 Label:BP_Svetlo2 SpatiallyLoaded:1 Bounds:IsValid=true, Min=(X=370.000 Y=-220.000 Z=502.000), Max=(X=520.000 Y=-180.000 Z=512.000) RuntimeGrid:None EditorOnly:0 RuntimeOnly:0 HLODRelevant:0 ListedInSceneOutliner:1 IsMainWorldOnly:0 FolderPath:Svetla FolderGuid:1DEF0311458B07A43BE3949CDF79056F
 |   |- [+] Clusters:
 |   |   |- [+] [  0]
 |   |   |   |- Guid:034051324208A5A2477D219751E3A45E BaseClass:/Game/ThirdPerson/Blueprints/BP_Tile.BP_Tile_C NativeClass:/Script/Engine.Actor Name:BP_Tile_C_UAID_E89C25A5B951E83802_1506605485 Label:BP_Tile9 SpatiallyLoaded:1 Bounds:IsValid=true, Min=(X=1462.500 Y=131.500 Z=-0.445), Max=(X=1537.500 Y=206.500 Z=122.000) RuntimeGrid:None EditorOnly:0 RuntimeOnly:0 HLODRelevant:0 ListedInSceneOutliner:1 IsMainWorldOnly:0 Parent:33812DB34978FF90ECC194AB8ED5D072 FolderPath:Jump3 FolderGuid:FBA4E24C4D8148C03C9E4A9FDAADF4B2
 |   |   |   |- Guid:09102E814B6260FF998834AF9181070F BaseClass:/Game/ThirdPerson/Blueprints/BP_Tile.BP_Tile_C NativeClass:/Script/Engine.Actor Name:BP_Tile_C_UAID_E89C25A5B951E83802_1506603484 Label:BP_Tile8 SpatiallyLoaded:1 Bounds:IsValid=true, Min=(X=1456.892 Y=-42.675 Z=-0.445), Max=(X=1541.588 Y=41.376 Z=122.000) RuntimeGrid:None EditorOnly:0 RuntimeOnly:0 HLODRelevant:0 ListedInSceneOutliner:1 IsMainWorldOnly:0 Parent:33812DB34978FF90ECC194AB8ED5D072 FolderPath:Jump3 FolderGuid:FBA4E24C4D8148C03C9E4A9FDAADF4B2
 |   |   |   |- Guid:33812DB34978FF90ECC194AB8ED5D072 BaseClass:/Game/ThirdPerson/Blueprints/BP_Checkpoint.BP_Checkpoint_C NativeClass:/Script/Engine.Actor Name:BP_Checkpoint_C_UAID_E89C25A5B951E83802_1499473482 Label:BP_Checkpoint3 SpatiallyLoaded:1 Bounds:IsValid=true, Min=(X=1175.000 Y=-195.000 Z=-0.000), Max=(X=1440.000 Y=197.000 Z=196.000) RuntimeGrid:None EditorOnly:0 RuntimeOnly:0 HLODRelevant:0 ListedInSceneOutliner:1 IsMainWorldOnly:0 FolderPath:Jump3 FolderGuid:FBA4E24C4D8148C03C9E4A9FDAADF4B2
 |   |   |   |- Guid:E3D440884319D4E5A06CE0A4E3F96710 BaseClass:/Game/ThirdPerson/Blueprints/BP_Tile.BP_Tile_C NativeClass:/Script/Engine.Actor Name:BP_Tile_C_UAID_E89C25A5B951E83802_1506601483 Label:BP_Tile7 SpatiallyLoaded:1 Bounds:IsValid=true, Min=(X=1457.672 Y=-208.908 Z=-0.445), Max=(X=1540.603 Y=-128.079 Z=122.000) RuntimeGrid:None EditorOnly:0 RuntimeOnly:0 HLODRelevant:0 ListedInSceneOutliner:1 IsMainWorldOnly:0 Parent:33812DB34978FF90ECC194AB8ED5D072 FolderPath:Jump3 FolderGuid:FBA4E24C4D8148C03C9E4A9FDAADF4B2
 |   |   |- [+] [  1]
 |   |   |   |- Guid:0960C7FD4FBB0591F17425B027A0729C BaseClass:/Game/ThirdPerson/Blueprints/BP_Svetlo.BP_Svetlo_C NativeClass:/Script/Engine.Actor Name:BP_Svetlo_C_UAID_E89C25A5B951223902_1949526688 Label:BP_Svetlo3 SpatiallyLoaded:1 Bounds:IsValid=true, Min=(X=670.000 Y=-220.000 Z=502.000), Max=(X=820.000 Y=-180.000 Z=512.000) RuntimeGrid:None EditorOnly:0 RuntimeOnly:0 HLODRelevant:0 ListedInSceneOutliner:1 IsMainWorldOnly:0 FolderPath:Svetla FolderGuid:1DEF0311458B07A43BE3949CDF79056F
 |   |   |- [+] [  2]
 |   |   |   |- Guid:0A23BECE4F368F3E72711FB98BCDB188 BaseClass:/Game/ThirdPerson/Blueprints/BP_Checkpoint.BP_Checkpoint_C NativeClass:/Script/Engine.Actor Name:BP_Checkpoint_C_UAID_E89C25A5B951E73802_1693495290 Label:BP_Checkpoint1 SpatiallyLoaded:1 Bounds:IsValid=true, Min=(X=-25.000 Y=-195.000 Z=-0.000), Max=(X=240.000 Y=197.000 Z=196.000) RuntimeGrid:None EditorOnly:0 RuntimeOnly:0 HLODRelevant:0 ListedInSceneOutliner:1 IsMainWorldOnly:0 FolderPath:Jump1 FolderGuid:A7703A554862A239578EF2A76320F1CC
 |   |   |   |- Guid:118D1FF343D6D4E5EDB18099551F899C BaseClass:/Game/ThirdPerson/Blueprints/BP_Tile.BP_Tile_C NativeClass:/Script/Engine.Actor Name:BP_Tile_C_UAID_E89C25A5B951E73802_1693498291 Label:BP_Tile1 SpatiallyLoaded:1 Bounds:IsValid=true, Min=(X=259.291 Y=-207.538 Z=-0.445), Max=(X=338.855 Y=-131.212 Z=122.000) RuntimeGrid:None EditorOnly:0 RuntimeOnly:0 HLODRelevant:0 ListedInSceneOutliner:1 IsMainWorldOnly:0 Parent:0A23BECE4F368F3E72711FB98BCDB188 FolderPath:Jump1 FolderGuid:A7703A554862A239578EF2A76320F1CC
 |   |   |   |- Guid:86DC93B0477DB02906EE85B7BFEFABF3 BaseClass:/Game/ThirdPerson/Blueprints/BP_Tile.BP_Tile_C NativeClass:/Script/Engine.Actor Name:BP_Tile_C_UAID_E89C25A5B951E73802_1693500292 Label:BP_Tile2 SpatiallyLoaded:1 Bounds:IsValid=true, Min=(X=259.680 Y=-38.013 Z=-0.445), Max=(X=338.446 Y=37.500 Z=122.000) RuntimeGrid:None EditorOnly:0 RuntimeOnly:0 HLODRelevant:0 ListedInSceneOutliner:1 IsMainWorldOnly:0 Parent:0A23BECE4F368F3E72711FB98BCDB188 FolderPath:Jump1 FolderGuid:A7703A554862A239578EF2A76320F1CC
 |   |   |   |- Guid:CD6D6F2F4004CF002E264B9927F667DD BaseClass:/Game/ThirdPerson/Blueprints/BP_Tile.BP_Tile_C NativeClass:/Script/Engine.Actor Name:BP_Tile_C_UAID_E89C25A5B951E73802_1693501293 Label:BP_Tile3 SpatiallyLoaded:1 Bounds:IsValid=true, Min=(X=262.500 Y=131.500 Z=-0.445), Max=(X=337.500 Y=206.500 Z=122.000) RuntimeGrid:None EditorOnly:0 RuntimeOnly:0 HLODRelevant:0 ListedInSceneOutliner:1 IsMainWorldOnly:0 Parent:0A23BECE4F368F3E72711FB98BCDB188 FolderPath:Jump1 FolderGuid:A7703A554862A239578EF2A76320F1CC
 |   |   |- [+] [  3]
 |   |   |   |- Guid:1DAF677F4E237D378975C49549F40DB8 BaseClass:/Game/ThirdPerson/Blueprints/BP_Checkpoint.BP_Checkpoint_C NativeClass:/Script/Engine.Actor Name:BP_Checkpoint_C_UAID_E89C25A5B951E83802_1181534478 Label:BP_Checkpoint2 SpatiallyLoaded:1 Bounds:IsValid=true, Min=(X=575.000 Y=-195.000 Z=-0.000), Max=(X=840.000 Y=197.000 Z=196.000) RuntimeGrid:None EditorOnly:0 RuntimeOnly:0 HLODRelevant:0 ListedInSceneOutliner:1 IsMainWorldOnly:0 FolderPath:Jump2 FolderGuid:7E282D6A4A5B5A8848F7A18EA8C6A10A
 |   |   |   |- Guid:549766514AE8189E881679B02BFE6793 BaseClass:/Game/ThirdPerson/Blueprints/BP_Tile.BP_Tile_C NativeClass:/Script/Engine.Actor Name:BP_Tile_C_UAID_E89C25A5B951E83802_1181537480 Label:BP_Tile5 SpatiallyLoaded:1 Bounds:IsValid=true, Min=(X=862.500 Y=-37.500 Z=-0.445), Max=(X=937.500 Y=37.500 Z=122.000) RuntimeGrid:None EditorOnly:0 RuntimeOnly:0 HLODRelevant:0 ListedInSceneOutliner:1 IsMainWorldOnly:0 Parent:1DAF677F4E237D378975C49549F40DB8 FolderPath:Jump2 FolderGuid:7E282D6A4A5B5A8848F7A18EA8C6A10A
 |   |   |   |- Guid:C3FD6AA844D229FB354EF2B98779DF5C BaseClass:/Game/ThirdPerson/Blueprints/BP_Tile.BP_Tile_C NativeClass:/Script/Engine.Actor Name:BP_Tile_C_UAID_E89C25A5B951E83802_1181536479 Label:BP_Tile4 SpatiallyLoaded:1 Bounds:IsValid=true, Min=(X=862.500 Y=-206.500 Z=-0.445), Max=(X=937.500 Y=-131.500 Z=122.000) RuntimeGrid:None EditorOnly:0 RuntimeOnly:0 HLODRelevant:0 ListedInSceneOutliner:1 IsMainWorldOnly:0 Parent:1DAF677F4E237D378975C49549F40DB8 FolderPath:Jump2 FolderGuid:7E282D6A4A5B5A8848F7A18EA8C6A10A
 |   |   |   |- Guid:D51B17FD44649758989A8CB895BA8D47 BaseClass:/Game/ThirdPerson/Blueprints/BP_Tile.BP_Tile_C NativeClass:/Script/Engine.Actor Name:BP_Tile_C_UAID_E89C25A5B951E83802_1181539481 Label:BP_Tile6 SpatiallyLoaded:1 Bounds:IsValid=true, Min=(X=856.895 Y=126.156 Z=-0.445), Max=(X=941.625 Y=210.499 Z=122.000) RuntimeGrid:None EditorOnly:0 RuntimeOnly:0 HLODRelevant:0 ListedInSceneOutliner:1 IsMainWorldOnly:0 Parent:1DAF677F4E237D378975C49549F40DB8 FolderPath:Jump2 FolderGuid:7E282D6A4A5B5A8848F7A18EA8C6A10A
 |   |   |- [+] [  4]
 |   |   |   |- Guid:200C945D41907C8F857790868F290809 BaseClass:/Game/ThirdPerson/Blueprints/BP_Svetlo.BP_Svetlo_C NativeClass:/Script/Engine.Actor Name:BP_Svetlo_C_UAID_E89C25A5B951223902_2010468695 Label:BP_Svetlo10 SpatiallyLoaded:1 Bounds:IsValid=true, Min=(X=970.000 Y=180.000 Z=502.000), Max=(X=1120.000 Y=220.000 Z=512.000) RuntimeGrid:None EditorOnly:0 RuntimeOnly:0 HLODRelevant:0 ListedInSceneOutliner:1 IsMainWorldOnly:0 FolderPath:Svetla FolderGuid:1DEF0311458B07A43BE3949CDF79056F
 |   |   |- [+] [  5]
 |   |   |   |- Guid:35FBCAAD460EEB4DA6697DA90ED22C6C BaseClass:/Game/ThirdPerson/Blueprints/BP_Svetlo.BP_Svetlo_C NativeClass:/Script/Engine.Actor Name:BP_Svetlo_C_UAID_E89C25A5B951223902_1962064690 Label:BP_Svetlo5 SpatiallyLoaded:1 Bounds:IsValid=true, Min=(X=1270.000 Y=-220.000 Z=502.000), Max=(X=1420.000 Y=-180.000 Z=512.000) RuntimeGrid:None EditorOnly:0 RuntimeOnly:0 HLODRelevant:0 ListedInSceneOutliner:1 IsMainWorldOnly:0 FolderPath:Svetla FolderGuid:1DEF0311458B07A43BE3949CDF79056F
 |   |   |- [+] [  6]
 |   |   |   |- Guid:370899864DBB503240231AA5290DD93D BaseClass: NativeClass:/Script/Engine.StaticMeshActor Name:StaticMeshActor_UAID_E89C25A5B9511F3902_1433346146 Label:mistnost_Floor SpatiallyLoaded:1 Bounds:IsValid=true, Min=(X=-100.000 Y=-350.000 Z=-0.000), Max=(X=1900.000 Y=350.000 Z=0.000) RuntimeGrid:None EditorOnly:0 RuntimeOnly:0 HLODRelevant:1 ListedInSceneOutliner:1 IsMainWorldOnly:0 FolderPath:Mistnost FolderGuid:3E76C401462AED321C420C8D10C0142C
 |   |   |- [+] [  7]
 |   |   |   |- Guid:37E9E63148AC84C3E0F8128B571546D8 BaseClass:/Game/ThirdPerson/Blueprints/BP_Svetlo.BP_Svetlo_C NativeClass:/Script/Engine.Actor Name:BP_Svetlo_C_UAID_E89C25A5B951223902_1752083686 Label:BP_Svetlo SpatiallyLoaded:1 Bounds:IsValid=true, Min=(X=70.000 Y=-220.000 Z=502.000), Max=(X=220.000 Y=-180.000 Z=512.000) RuntimeGrid:None EditorOnly:0 RuntimeOnly:0 HLODRelevant:0 ListedInSceneOutliner:1 IsMainWorldOnly:0 FolderPath:Svetla FolderGuid:1DEF0311458B07A43BE3949CDF79056F
 |   |   |- [+] [  8]
 |   |   |   |- Guid:3BEADE574DF086F655F86FA867166AB4 BaseClass: NativeClass:/Script/Engine.StaticMeshActor Name:StaticMeshActor_UAID_E89C25A5B9511F3902_1433344144 Label:mistnost_LeftWall SpatiallyLoaded:1 Bounds:IsValid=true, Min=(X=-100.000 Y=-350.000 Z=-0.000), Max=(X=1900.000 Y=-350.000 Z=600.000) RuntimeGrid:None EditorOnly:0 RuntimeOnly:0 HLODRelevant:1 ListedInSceneOutliner:1 IsMainWorldOnly:0 FolderPath:Mistnost FolderGuid:3E76C401462AED321C420C8D10C0142C
 |   |   |- [+] [  9]
 |   |   |   |- Guid:4BBB8AC94148D216B8EB789C9473F1A1 BaseClass: NativeClass:/Script/Engine.StaticMeshActor Name:StaticMeshActor_UAID_E89C25A5B9511F3902_1433348148 Label:mistnost_BackWall SpatiallyLoaded:1 Bounds:IsValid=true, Min=(X=1900.000 Y=-350.000 Z=-0.000), Max=(X=1900.000 Y=350.000 Z=600.000) RuntimeGrid:None EditorOnly:0 RuntimeOnly:0 HLODRelevant:1 ListedInSceneOutliner:1 IsMainWorldOnly:0 FolderPath:Mistnost FolderGuid:3E76C401462AED321C420C8D10C0142C
 |   |   |- [+] [ 10]
 |   |   |   |- Guid:4D753D8C4B5870DC7D8807A2184A5B2E BaseClass:/Game/ThirdPerson/Blueprints/BP_Svetlo.BP_Svetlo_C NativeClass:/Script/Engine.Actor Name:BP_Svetlo_C_UAID_E89C25A5B951223902_2010466693 Label:BP_Svetlo8 SpatiallyLoaded:1 Bounds:IsValid=true, Min=(X=370.000 Y=180.000 Z=502.000), Max=(X=520.000 Y=220.000 Z=512.000) RuntimeGrid:None EditorOnly:0 RuntimeOnly:0 HLODRelevant:0 ListedInSceneOutliner:1 IsMainWorldOnly:0 FolderPath:Svetla FolderGuid:1DEF0311458B07A43BE3949CDF79056F
 |   |   |- [+] [ 11]
 |   |   |   |- Guid:4DE8D1CA4D7DBDC2425F378A7C4E9E27 BaseClass: NativeClass:/Script/Engine.StaticMeshActor Name:StaticMeshActor_UAID_E89C25A5B9511F3902_1433347147 Label:mistnost_Ceiling SpatiallyLoaded:1 Bounds:IsValid=true, Min=(X=-100.000 Y=-350.000 Z=600.000), Max=(X=1900.000 Y=350.000 Z=600.000) RuntimeGrid:None EditorOnly:0 RuntimeOnly:0 HLODRelevant:1 ListedInSceneOutliner:1 IsMainWorldOnly:0 FolderPath:Mistnost FolderGuid:3E76C401462AED321C420C8D10C0142C
 |   |   |- [+] [ 12]
 |   |   |   |- Guid:5DACB42342FDEDEBAE9472B1819740BB BaseClass:/Game/ThirdPerson/Blueprints/BP_Svetlo.BP_Svetlo_C NativeClass:/Script/Engine.Actor Name:BP_Svetlo_C_UAID_E89C25A5B951223902_1957897689 Label:BP_Svetlo4 SpatiallyLoaded:1 Bounds:IsValid=true, Min=(X=970.000 Y=-220.000 Z=502.000), Max=(X=1120.000 Y=-180.000 Z=512.000) RuntimeGrid:None EditorOnly:0 RuntimeOnly:0 HLODRelevant:0 ListedInSceneOutliner:1 IsMainWorldOnly:0 FolderPath:Svetla FolderGuid:1DEF0311458B07A43BE3949CDF79056F
 |   |   |- [+] [ 13]
 |   |   |   |- Guid:5EEAA19140A6D95F42B28EBCE4A56D81 BaseClass: NativeClass:/Script/Engine.DecalActor Name:DecalActor_UAID_E89C25A5B951233902_1813131875 Label:M_Decal-theresNoEscape SpatiallyLoaded:1 Bounds:IsValid=true, Min=(X=1025.277 Y=187.667 Z=106.667), Max=(X=1642.723 Y=512.333 Z=431.333) RuntimeGrid:None EditorOnly:0 RuntimeOnly:0 HLODRelevant:0 ListedInSceneOutliner:1 IsMainWorldOnly:0
 |   |   |- [+] [ 14]
 |   |   |   |- Guid:6BAF4DDD444C60371492D3919DB42C97 BaseClass: NativeClass:/Script/Engine.WorldDataLayers Name:WorldDataLayers Label:WorldDataLayers SpatiallyLoaded:0 Bounds:IsValid=true, Min=(X=0.000 Y=0.000 Z=0.000), Max=(X=0.000 Y=0.000 Z=0.000) RuntimeGrid:None EditorOnly:0 RuntimeOnly:0 HLODRelevant:0 ListedInSceneOutliner:1 IsMainWorldOnly:1
 |   |   |- [+] [ 15]
 |   |   |   |- Guid:6CB47B2A435D03027A96BA961939648D BaseClass:/Game/ThirdPerson/Blueprints/BP_Svetlo.BP_Svetlo_C NativeClass:/Script/Engine.Actor Name:BP_Svetlo_C_UAID_E89C25A5B951223902_2010469696 Label:BP_Svetlo11 SpatiallyLoaded:1 Bounds:IsValid=true, Min=(X=1270.000 Y=180.000 Z=502.000), Max=(X=1420.000 Y=220.000 Z=512.000) RuntimeGrid:None EditorOnly:0 RuntimeOnly:0 HLODRelevant:0 ListedInSceneOutliner:1 IsMainWorldOnly:0 FolderPath:Svetla FolderGuid:1DEF0311458B07A43BE3949CDF79056F
 |   |   |- [+] [ 16]
 |   |   |   |- Guid:6E4D76DB444E40B963CA46977F6EC657 BaseClass:/Game/ThirdPerson/Blueprints/BP_Floor.BP_Floor_C NativeClass:/Script/Engine.Actor Name:BP_Floor_C_UAID_E89C25A5B951EC3802_1640686192 Label:BP_Floor SpatiallyLoaded:1 Bounds:IsValid=true, Min=(X=-100.000 Y=-350.000 Z=-25.000), Max=(X=1900.000 Y=350.000 Z=25.000) RuntimeGrid:None EditorOnly:0 RuntimeOnly:0 HLODRelevant:0 ListedInSceneOutliner:1 IsMainWorldOnly:0
 |   |   |- [+] [ 17]
 |   |   |   |- Guid:741D96C24FC129B2C20329B90EBA485D BaseClass: NativeClass:/Script/Engine.StaticMeshActor Name:StaticMeshActor_UAID_E89C25A5B9511F3902_1433342143 Label:mistnost_RightWall SpatiallyLoaded:1 Bounds:IsValid=true, Min=(X=-100.000 Y=350.000 Z=-0.000), Max=(X=1900.000 Y=350.000 Z=600.000) RuntimeGrid:None EditorOnly:0 RuntimeOnly:0 HLODRelevant:1 ListedInSceneOutliner:1 IsMainWorldOnly:0 FolderPath:Mistnost FolderGuid:3E76C401462AED321C420C8D10C0142C
 |   |   |- [+] [ 18]
 |   |   |   |- Guid:7E1EF74C445E5B2B84E462B3F057A2A1 BaseClass: NativeClass:/Script/Engine.StaticMeshActor Name:StaticMeshActor_UAID_E89C25A5B951223902_1178320685 Label:tabule SpatiallyLoaded:1 Bounds:IsValid=true, Min=(X=1894.000 Y=-240.000 Z=4.000), Max=(X=1901.000 Y=240.000 Z=244.000) RuntimeGrid:None EditorOnly:0 RuntimeOnly:0 HLODRelevant:1 ListedInSceneOutliner:1 IsMainWorldOnly:0
 |   |   |- [+] [ 19]
 |   |   |   |- Guid:8367D1724337ED72C9943FB22B04287C BaseClass:/Game/ThirdPerson/Blueprints/BP_Svetlo.BP_Svetlo_C NativeClass:/Script/Engine.Actor Name:BP_Svetlo_C_UAID_E89C25A5B951223902_2010464692 Label:BP_Svetlo7 SpatiallyLoaded:1 Bounds:IsValid=true, Min=(X=70.000 Y=180.000 Z=502.000), Max=(X=220.000 Y=220.000 Z=512.000) RuntimeGrid:None EditorOnly:0 RuntimeOnly:0 HLODRelevant:0 ListedInSceneOutliner:1 IsMainWorldOnly:0 FolderPath:Svetla FolderGuid:1DEF0311458B07A43BE3949CDF79056F
 |   |   |- [+] [ 20]
 |   |   |   |- Guid:94F5317740671333C40AC5BB5C03C2B8 BaseClass:/Game/ThirdPerson/Blueprints/BP_Svetlo.BP_Svetlo_C NativeClass:/Script/Engine.Actor Name:BP_Svetlo_C_UAID_E89C25A5B951223902_1967649691 Label:BP_Svetlo6 SpatiallyLoaded:1 Bounds:IsValid=true, Min=(X=1570.000 Y=-220.000 Z=502.000), Max=(X=1720.000 Y=-180.000 Z=512.000) RuntimeGrid:None EditorOnly:0 RuntimeOnly:0 HLODRelevant:0 ListedInSceneOutliner:1 IsMainWorldOnly:0 FolderPath:Svetla FolderGuid:1DEF0311458B07A43BE3949CDF79056F
 |   |   |- [+] [ 21]
 |   |   |   |- Guid:9FA5A3CA4DACA1F7ADDC9AA6A21162AC BaseClass: NativeClass:/Script/Engine.StaticMeshActor Name:StaticMeshActor_UAID_E89C25A5B9511F3902_1433345145 Label:mistnost_FrontWall SpatiallyLoaded:1 Bounds:IsValid=true, Min=(X=-100.000 Y=-350.000 Z=0.000), Max=(X=-100.000 Y=350.000 Z=600.000) RuntimeGrid:None EditorOnly:0 RuntimeOnly:0 HLODRelevant:1 ListedInSceneOutliner:1 IsMainWorldOnly:0 FolderPath:Mistnost FolderGuid:3E76C401462AED321C420C8D10C0142C
 |   |   |- [+] [ 22]
 |   |   |   |- Guid:AF60FCD3439DFA75642F3599A9E21B37 BaseClass:/Game/ThirdPerson/Blueprints/BP_Svetlo.BP_Svetlo_C NativeClass:/Script/Engine.Actor Name:BP_Svetlo_C_UAID_E89C25A5B951223902_2010467694 Label:BP_Svetlo9 SpatiallyLoaded:1 Bounds:IsValid=true, Min=(X=670.000 Y=180.000 Z=502.000), Max=(X=820.000 Y=220.000 Z=512.000) RuntimeGrid:None EditorOnly:0 RuntimeOnly:0 HLODRelevant:0 ListedInSceneOutliner:1 IsMainWorldOnly:0 FolderPath:Svetla FolderGuid:1DEF0311458B07A43BE3949CDF79056F
 |   |   |- [+] [ 23]
 |   |   |   |- Guid:CD0B4185417FC88D2D378E86C37F248B BaseClass: NativeClass:/Script/Engine.PlayerStart Name:PlayerStart_UAID_D85ED3AE9046713802_1733750521 Label:PlayerStart SpatiallyLoaded:0 Bounds:IsValid=true, Min=(X=-37.000 Y=-40.000 Z=98.000), Max=(X=43.000 Y=40.000 Z=282.000) RuntimeGrid:None EditorOnly:0 RuntimeOnly:0 HLODRelevant:0 ListedInSceneOutliner:1 IsMainWorldOnly:0
 |   |   |- [+] [ 24]
 |   |   |   |- Guid:CDC97A294FD37EDD3EC6E38D233810CF BaseClass:/Game/ThirdPerson/Blueprints/BP_Checkpoint.BP_Checkpoint_C NativeClass:/Script/Engine.Actor Name:BP_Checkpoint_C_UAID_E89C25A5B951E83802_1513115486 Label:BP_Checkpoint4 SpatiallyLoaded:1 Bounds:IsValid=true, Min=(X=1775.000 Y=-195.000 Z=-0.000), Max=(X=2040.000 Y=197.000 Z=196.000) RuntimeGrid:None EditorOnly:0 RuntimeOnly:0 HLODRelevant:0 ListedInSceneOutliner:1 IsMainWorldOnly:0 FolderPath:Jump4 FolderGuid:B809F08746E02C61F35077806920CF36
 |   |   |- [+] [ 25]
 |   |   |   |- Guid:E1C0328E4B350B6CE34E86B1862AA9F1 BaseClass:/Game/ThirdPerson/Blueprints/BP_Svetlo.BP_Svetlo_C NativeClass:/Script/Engine.Actor Name:BP_Svetlo_C_UAID_E89C25A5B951223902_2010470697 Label:BP_Svetlo12 SpatiallyLoaded:1 Bounds:IsValid=true, Min=(X=1570.000 Y=180.000 Z=502.000), Max=(X=1720.000 Y=220.000 Z=512.000) RuntimeGrid:None EditorOnly:0 RuntimeOnly:0 HLODRelevant:0 ListedInSceneOutliner:1 IsMainWorldOnly:0 FolderPath:Svetla FolderGuid:1DEF0311458B07A43BE3949CDF79056F
 |   |   |- [+] [ 26]
 |   |   |   |- Guid:E71C2B9A4EA9260F3B54B98260B99C51 BaseClass:/Game/ThirdPerson/Blueprints/BP_Svetlo.BP_Svetlo_C NativeClass:/Script/Engine.Actor Name:BP_Svetlo_C_UAID_E89C25A5B951223902_1931604687 Label:BP_Svetlo2 SpatiallyLoaded:1 Bounds:IsValid=true, Min=(X=370.000 Y=-220.000 Z=502.000), Max=(X=520.000 Y=-180.000 Z=512.000) RuntimeGrid:None EditorOnly:0 RuntimeOnly:0 HLODRelevant:0 ListedInSceneOutliner:1 IsMainWorldOnly:0 FolderPath:Svetla FolderGuid:1DEF0311458B07A43BE3949CDF79056F
 |- ContainerInstances:
 |- [+] MainContainer:
 |   |-        ID: 00000000000000000000000000000000
 |   |-  ParentID: 00000000000000000000000000000000
 |   |-    Bounds: IsValid=false, Min=(X=0.000 Y=0.000 Z=0.000), Max=(X=0.000 Y=0.000 Z=0.000)
 |   |- Transform: 0.000000,0.000000,0.000000|0.000000,0.000000,-0.000000|1.000000,1.000000,1.000000
 |   |- Container: /Game/ThirdPerson/Maps/ThirdPersonMap
----------------------------------------------------------------------------------------------------------------
ThirdPersonMap - Persistent Level
----------------------------------------------------------------------------------------------------------------
[+] Content of ThirdPersonMap Persistent Level
 |- Always loaded Actor Count: 36 
 |- Actor Path: /Game/ThirdPerson/Maps/ThirdPersonMap.ThirdPersonMap:PersistentLevel.BP_Checkpoint_C_UAID_E89C25A5B951E73802_1693495290
 |- Actor Package: /Game/__ExternalActors__/ThirdPerson/Maps/ThirdPersonMap/A/N5/K090JPST620MMT0HDAV1XQ
 |- Actor Path: /Game/ThirdPerson/Maps/ThirdPersonMap.ThirdPersonMap:PersistentLevel.BP_Checkpoint_C_UAID_E89C25A5B951E83802_1181534478
 |- Actor Package: /Game/__ExternalActors__/ThirdPerson/Maps/ThirdPersonMap/5/Y6/GGLK43SK61LO8B5MHCZNMS
 |- Actor Path: /Game/ThirdPerson/Maps/ThirdPersonMap.ThirdPersonMap:PersistentLevel.BP_Checkpoint_C_UAID_E89C25A5B951E83802_1499473482
 |- Actor Package: /Game/__ExternalActors__/ThirdPerson/Maps/ThirdPersonMap/F/3Y/NQZFUM3B3B48B53N1SK4WS
 |- Actor Path: /Game/ThirdPerson/Maps/ThirdPersonMap.ThirdPersonMap:PersistentLevel.BP_Checkpoint_C_UAID_E89C25A5B951E83802_1513115486
 |- Actor Package: /Game/__ExternalActors__/ThirdPerson/Maps/ThirdPersonMap/9/GO/DWN139O6AAD2HHBQG0CVYO
 |- Actor Path: /Game/ThirdPerson/Maps/ThirdPersonMap.ThirdPersonMap:PersistentLevel.BP_Floor_C_UAID_E89C25A5B951EC3802_1640686192
 |- Actor Package: /Game/__ExternalActors__/ThirdPerson/Maps/ThirdPersonMap/6/9Z/EBK2UNBWXG9D10K8EA4EXE
 |- Actor Path: /Game/ThirdPerson/Maps/ThirdPersonMap.ThirdPersonMap:PersistentLevel.BP_Svetlo_C_UAID_E89C25A5B951223902_1752083686
 |- Actor Package: /Game/__ExternalActors__/ThirdPerson/Maps/ThirdPersonMap/6/JM/LNFBWLQDIJDW6RSFMWELKY
 |- Actor Path: /Game/ThirdPerson/Maps/ThirdPersonMap.ThirdPersonMap:PersistentLevel.BP_Svetlo_C_UAID_E89C25A5B951223902_1931604687
 |- Actor Package: /Game/__ExternalActors__/ThirdPerson/Maps/ThirdPersonMap/1/YF/VRXPWFT9GQOH8LCXKY4OQP
 |- Actor Path: /Game/ThirdPerson/Maps/ThirdPersonMap.ThirdPersonMap:PersistentLevel.BP_Svetlo_C_UAID_E89C25A5B951223902_1949526688
 |- Actor Package: /Game/__ExternalActors__/ThirdPerson/Maps/ThirdPersonMap/9/89/0YDTMNS19X4RT1C1O0HBUU
 |- Actor Path: /Game/ThirdPerson/Maps/ThirdPersonMap.ThirdPersonMap:PersistentLevel.BP_Svetlo_C_UAID_E89C25A5B951223902_1957897689
 |- Actor Package: /Game/__ExternalActors__/ThirdPerson/Maps/ThirdPersonMap/B/L1/83KJ2QHY7JV4I86XHQ9NW0
 |- Actor Path: /Game/ThirdPerson/Maps/ThirdPersonMap.ThirdPersonMap:PersistentLevel.BP_Svetlo_C_UAID_E89C25A5B951223902_1962064690
 |- Actor Package: /Game/__ExternalActors__/ThirdPerson/Maps/ThirdPersonMap/E/SI/J4RT2C6BA09WILPRB5EOSN
 |- Actor Path: /Game/ThirdPerson/Maps/ThirdPersonMap.ThirdPersonMap:PersistentLevel.BP_Svetlo_C_UAID_E89C25A5B951223902_1967649691
 |- Actor Package: /Game/__ExternalActors__/ThirdPerson/Maps/ThirdPersonMap/4/PI/ZB5N9SVAINDNZ7DLIOGIH6
 |- Actor Path: /Game/ThirdPerson/Maps/ThirdPersonMap.ThirdPersonMap:PersistentLevel.BP_Svetlo_C_UAID_E89C25A5B951223902_2010464692
 |- Actor Package: /Game/__ExternalActors__/ThirdPerson/Maps/ThirdPersonMap/8/VW/WLL1XDZRKDIXYLA1YGP7HC
 |- Actor Path: /Game/ThirdPerson/Maps/ThirdPersonMap.ThirdPersonMap:PersistentLevel.BP_Svetlo_C_UAID_E89C25A5B951223902_2010466693
 |- Actor Package: /Game/__ExternalActors__/ThirdPerson/Maps/ThirdPersonMap/6/7J/CAN2C3QPCI5ARYOWCPPSE1
 |- Actor Path: /Game/ThirdPerson/Maps/ThirdPersonMap.ThirdPersonMap:PersistentLevel.BP_Svetlo_C_UAID_E89C25A5B951223902_2010467694
 |- Actor Package: /Game/__ExternalActors__/ThirdPerson/Maps/ThirdPersonMap/2/O8/E6P8FHHRLNP8G2Q2QSTIML
 |- Actor Path: /Game/ThirdPerson/Maps/ThirdPersonMap.ThirdPersonMap:PersistentLevel.BP_Svetlo_C_UAID_E89C25A5B951223902_2010468695
 |- Actor Package: /Game/__ExternalActors__/ThirdPerson/Maps/ThirdPersonMap/8/KY/OZINBH8IV4TIL3T4KFF07U
 |- Actor Path: /Game/ThirdPerson/Maps/ThirdPersonMap.ThirdPersonMap:PersistentLevel.BP_Svetlo_C_UAID_E89C25A5B951223902_2010469696
 |- Actor Package: /Game/__ExternalActors__/ThirdPerson/Maps/ThirdPersonMap/5/E1/LA9VMD06LOLYLQN4YUWOHA
 |- Actor Path: /Game/ThirdPerson/Maps/ThirdPersonMap.ThirdPersonMap:PersistentLevel.BP_Svetlo_C_UAID_E89C25A5B951223902_2010470697
 |- Actor Package: /Game/__ExternalActors__/ThirdPerson/Maps/ThirdPersonMap/4/Y4/QZOARH0Q8JX0MDO4L37LTM
 |- Actor Path: /Game/ThirdPerson/Maps/ThirdPersonMap.ThirdPersonMap:PersistentLevel.BP_Tile_C_UAID_E89C25A5B951E73802_1693498291
 |- Actor Package: /Game/__ExternalActors__/ThirdPerson/Maps/ThirdPersonMap/7/M3/TAPXUITRHTZCPG6Q0CJS56
 |- Actor Path: /Game/ThirdPerson/Maps/ThirdPersonMap.ThirdPersonMap:PersistentLevel.BP_Tile_C_UAID_E89C25A5B951E73802_1693500292
 |- Actor Package: /Game/__ExternalActors__/ThirdPerson/Maps/ThirdPersonMap/8/MA/5G624PZ7MNQM2CLVTEZG8Y
 |- Actor Path: /Game/ThirdPerson/Maps/ThirdPersonMap.ThirdPersonMap:PersistentLevel.BP_Tile_C_UAID_E89C25A5B951E73802_1693501293
 |- Actor Package: /Game/__ExternalActors__/ThirdPerson/Maps/ThirdPersonMap/E/5P/CF54JP88TDKK3RM8SA99DP
 |- Actor Path: /Game/ThirdPerson/Maps/ThirdPersonMap.ThirdPersonMap:PersistentLevel.BP_Tile_C_UAID_E89C25A5B951E83802_1181536479
 |- Actor Package: /Game/__ExternalActors__/ThirdPerson/Maps/ThirdPersonMap/D/7E/P1NLN03QR5IMNPPHUX5Y9J
 |- Actor Path: /Game/ThirdPerson/Maps/ThirdPersonMap.ThirdPersonMap:PersistentLevel.BP_Tile_C_UAID_E89C25A5B951E83802_1181537480
 |- Actor Package: /Game/__ExternalActors__/ThirdPerson/Maps/ThirdPersonMap/1/M5/A8H9FA4TMP6TRISZ7BCTL1
 |- Actor Path: /Game/ThirdPerson/Maps/ThirdPersonMap.ThirdPersonMap:PersistentLevel.BP_Tile_C_UAID_E89C25A5B951E83802_1181539481
 |- Actor Package: /Game/__ExternalActors__/ThirdPerson/Maps/ThirdPersonMap/5/KI/TVY491YVAC3834ZOU8UGJ1
 |- Actor Path: /Game/ThirdPerson/Maps/ThirdPersonMap.ThirdPersonMap:PersistentLevel.BP_Tile_C_UAID_E89C25A5B951E83802_1506601483
 |- Actor Package: /Game/__ExternalActors__/ThirdPerson/Maps/ThirdPersonMap/D/I7/Y3O2OMR1XA82DFEQ9SGSLD
 |- Actor Path: /Game/ThirdPerson/Maps/ThirdPersonMap.ThirdPersonMap:PersistentLevel.BP_Tile_C_UAID_E89C25A5B951E83802_1506603484
 |- Actor Package: /Game/__ExternalActors__/ThirdPerson/Maps/ThirdPersonMap/6/OS/GL65HNJMF4RG8BA1BDSBME
 |- Actor Path: /Game/ThirdPerson/Maps/ThirdPersonMap.ThirdPersonMap:PersistentLevel.BP_Tile_C_UAID_E89C25A5B951E83802_1506605485
 |- Actor Package: /Game/__ExternalActors__/ThirdPerson/Maps/ThirdPersonMap/A/75/TUG51NBV4B3RAZRVS3NS72
 |- Actor Path: /Game/ThirdPerson/Maps/ThirdPersonMap.ThirdPersonMap:PersistentLevel.DecalActor_UAID_E89C25A5B951233902_1813131875
 |- Actor Package: /Game/__ExternalActors__/ThirdPerson/Maps/ThirdPersonMap/4/DM/MMWBVHEZ3HOL4R11G2OMHV
 |- Actor Path: /Game/ThirdPerson/Maps/ThirdPersonMap.ThirdPersonMap:PersistentLevel.PlayerStart_UAID_D85ED3AE9046713802_1733750521
 |- Actor Package: /Game/__ExternalActors__/ThirdPerson/Maps/ThirdPersonMap/0/YF/PVW30A7J49A91DDZMJWKPY
 |- Actor Path: /Game/ThirdPerson/Maps/ThirdPersonMap.ThirdPersonMap:PersistentLevel.StaticMeshActor_UAID_E89C25A5B9511F3902_1433342143
 |- Actor Package: /Game/__ExternalActors__/ThirdPerson/Maps/ThirdPersonMap/E/3J/0EQ5815CUOIX97OCCIUN34
 |- Actor Path: /Game/ThirdPerson/Maps/ThirdPersonMap.ThirdPersonMap:PersistentLevel.StaticMeshActor_UAID_E89C25A5B9511F3902_1433344144
 |- Actor Package: /Game/__ExternalActors__/ThirdPerson/Maps/ThirdPersonMap/2/U9/MQ345HF6GSTNNELEOTE8UY
 |- Actor Path: /Game/ThirdPerson/Maps/ThirdPersonMap.ThirdPersonMap:PersistentLevel.StaticMeshActor_UAID_E89C25A5B9511F3902_1433345145
 |- Actor Package: /Game/__ExternalActors__/ThirdPerson/Maps/ThirdPersonMap/6/FS/4R14OZV0P0PPZPJAYNE4SY
 |- Actor Path: /Game/ThirdPerson/Maps/ThirdPersonMap.ThirdPersonMap:PersistentLevel.StaticMeshActor_UAID_E89C25A5B9511F3902_1433346146
 |- Actor Package: /Game/__ExternalActors__/ThirdPerson/Maps/ThirdPersonMap/9/1J/68ZI9KKACZVAOV84B4WL89
 |- Actor Path: /Game/ThirdPerson/Maps/ThirdPersonMap.ThirdPersonMap:PersistentLevel.StaticMeshActor_UAID_E89C25A5B9511F3902_1433347147
 |- Actor Package: /Game/__ExternalActors__/ThirdPerson/Maps/ThirdPersonMap/7/CW/OF9LDK98Z7M3S0Z9HIR7HU
 |- Actor Path: /Game/ThirdPerson/Maps/ThirdPersonMap.ThirdPersonMap:PersistentLevel.StaticMeshActor_UAID_E89C25A5B9511F3902_1433348148
 |- Actor Package: /Game/__ExternalActors__/ThirdPerson/Maps/ThirdPersonMap/A/XK/C58MGTHU38RVGE23900GCU
 |- Actor Path: /Game/ThirdPerson/Maps/ThirdPersonMap.ThirdPersonMap:PersistentLevel.StaticMeshActor_UAID_E89C25A5B951223902_1178320685
 |- Actor Package: /Game/__ExternalActors__/ThirdPerson/Maps/ThirdPersonMap/E/9E/PMSG7ER26GRHS0EG7AJLM8
 |- Actor Path: /Game/ThirdPerson/Maps/ThirdPersonMap.ThirdPersonMap:PersistentLevel.WorldDataLayers
 |- Actor Package: /Game/__ExternalActors__/ThirdPerson/Maps/ThirdPersonMap/0/43/HYQWORMY4JDQ5X3OKZXFLC

----------------------------------------------------------------------------------------------------------------
ThirdPersonMap - Runtime Hash Set
----------------------------------------------------------------------------------------------------------------

