[+] Containers:
 |- [+] Container: /Game/ThirdPerson/Maps/ThirdPersonMap
 |   |- [+] ActorDescs:
 |   |   |- Guid:034051324208A5A2477D219751E3A45E BaseClass:/Game/ThirdPerson/Blueprints/BP_Tile.BP_Tile_C NativeClass:/Script/Engine.Actor Name:BP_Tile_C_UAID_E89C25A5B951E83802_1506605485 Label:BP_Tile9 SpatiallyLoaded:1 Bounds:IsValid=true, Min=(X=1462.500 Y=131.500 Z=-87.445), Max=(X=1537.500 Y=206.500 Z=35.000) RuntimeGrid:None EditorOnly:0 RuntimeOnly:0 HLODRelevant:0 ListedInSceneOutliner:1 IsMainWorldOnly:0 Parent:33812DB34978FF90ECC194AB8ED5D072 FolderPath:Jump3 FolderGuid:FBA4E24C4D8148C03C9E4A9FDAADF4B2
 |   |   |- Guid:09102E814B6260FF998834AF9181070F BaseClass:/Game/ThirdPerson/Blueprints/BP_Tile.BP_Tile_C NativeClass:/Script/Engine.Actor Name:BP_Tile_C_UAID_E89C25A5B951E83802_1506603484 Label:BP_Tile8 SpatiallyLoaded:1 Bounds:IsValid=true, Min=(X=1456.908 Y=-41.290 Z=-87.445), Max=(X=1541.551 Y=42.566 Z=35.000) RuntimeGrid:None EditorOnly:0 RuntimeOnly:0 HLODRelevant:0 ListedInSceneOutliner:1 IsMainWorldOnly:0 Parent:33812DB34978FF90ECC194AB8ED5D072 FolderPath:Jump3 FolderGuid:FBA4E24C4D8148C03C9E4A9FDAADF4B2
 |   |   |- Guid:0A23BECE4F368F3E72711FB98BCDB188 BaseClass:/Game/ThirdPerson/Blueprints/BP_Checkpoint.BP_Checkpoint_C NativeClass:/Script/Engine.Actor Name:BP_Checkpoint_C_UAID_E89C25A5B951E73802_1693495290 Label:BP_Checkpoint1 SpatiallyLoaded:1 Bounds:IsValid=true, Min=(X=-25.000 Y=-195.000 Z=-88.000), Max=(X=240.000 Y=197.000 Z=108.000) RuntimeGrid:None EditorOnly:0 RuntimeOnly:0 HLODRelevant:0 ListedInSceneOutliner:1 IsMainWorldOnly:0 FolderPath:Jump1 FolderGuid:A7703A554862A239578EF2A76320F1CC
 |   |   |- Guid:118D1FF343D6D4E5EDB18099551F899C BaseClass:/Game/ThirdPerson/Blueprints/BP_Tile.BP_Tile_C NativeClass:/Script/Engine.Actor Name:BP_Tile_C_UAID_E89C25A5B951E73802_1693498291 Label:BP_Tile1 SpatiallyLoaded:1 Bounds:IsValid=true, Min=(X=257.106 Y=-209.815 Z=-87.445), Max=(X=341.267 Y=-127.021 Z=35.000) RuntimeGrid:None EditorOnly:0 RuntimeOnly:0 HLODRelevant:0 ListedInSceneOutliner:1 IsMainWorldOnly:0 Parent:0A23BECE4F368F3E72711FB98BCDB188 FolderPath:Jump1 FolderGuid:A7703A554862A239578EF2A76320F1CC
 |   |   |- Guid:1DAF677F4E237D378975C49549F40DB8 BaseClass:/Game/ThirdPerson/Blueprints/BP_Checkpoint.BP_Checkpoint_C NativeClass:/Script/Engine.Actor Name:BP_Checkpoint_C_UAID_E89C25A5B951E83802_1181534478 Label:BP_Checkpoint2 SpatiallyLoaded:1 Bounds:IsValid=true, Min=(X=575.000 Y=-195.000 Z=-88.000), Max=(X=840.000 Y=197.000 Z=108.000) RuntimeGrid:None EditorOnly:0 RuntimeOnly:0 HLODRelevant:0 ListedInSceneOutliner:1 IsMainWorldOnly:0 FolderPath:Jump2 FolderGuid:7E282D6A4A5B5A8848F7A18EA8C6A10A
 |   |   |- Guid:33812DB34978FF90ECC194AB8ED5D072 BaseClass:/Game/ThirdPerson/Blueprints/BP_Checkpoint.BP_Checkpoint_C NativeClass:/Script/Engine.Actor Name:BP_Checkpoint_C_UAID_E89C25A5B951E83802_1499473482 Label:BP_Checkpoint3 SpatiallyLoaded:1 Bounds:IsValid=true, Min=(X=1175.000 Y=-195.000 Z=-88.000), Max=(X=1440.000 Y=197.000 Z=108.000) RuntimeGrid:None EditorOnly:0 RuntimeOnly:0 HLODRelevant:0 ListedInSceneOutliner:1 IsMainWorldOnly:0 FolderPath:Jump3 FolderGuid:FBA4E24C4D8148C03C9E4A9FDAADF4B2
 |   |   |- Guid:370899864DBB503240231AA5290DD93D BaseClass: NativeClass:/Script/Engine.StaticMeshActor Name:StaticMeshActor_UAID_E89C25A5B9511F3902_1433346146 Label:mistnost_Floor SpatiallyLoaded:1 Bounds:IsValid=true, Min=(X=-100.000 Y=-350.000 Z=-88.000), Max=(X=1900.000 Y=350.000 Z=-88.000) RuntimeGrid:None EditorOnly:0 RuntimeOnly:0 HLODRelevant:1 ListedInSceneOutliner:1 IsMainWorldOnly:0 FolderPath:Mistnost FolderGuid:3E76C401462AED321C420C8D10C0142C
 |   |   |- Guid:3BEADE574DF086F655F86FA867166AB4 BaseClass: NativeClass:/Script/Engine.StaticMeshActor Name:StaticMeshActor_UAID_E89C25A5B9511F3902_1433344144 Label:mistnost_LeftWall SpatiallyLoaded:1 Bounds:IsValid=true, Min=(X=-100.000 Y=-350.000 Z=-88.000), Max=(X=1900.000 Y=-350.000 Z=512.000) RuntimeGrid:None EditorOnly:0 RuntimeOnly:0 HLODRelevant:1 ListedInSceneOutliner:1 IsMainWorldOnly:0 FolderPath:Mistnost FolderGuid:3E76C401462AED321C420C8D10C0142C
 |   |   |- Guid:4BBB8AC94148D216B8EB789C9473F1A1 BaseClass: NativeClass:/Script/Engine.StaticMeshActor Name:StaticMeshActor_UAID_E89C25A5B9511F3902_1433348148 Label:mistnost_BackWall SpatiallyLoaded:1 Bounds:IsValid=true, Min=(X=1900.000 Y=-350.000 Z=-88.000), Max=(X=1900.000 Y=350.000 Z=512.000) RuntimeGrid:None EditorOnly:0 RuntimeOnly:0 HLODRelevant:1 ListedInSceneOutliner:1 IsMainWorldOnly:0 FolderPath:Mistnost FolderGuid:3E76C401462AED321C420C8D10C0142C
 |   |   |- Guid:4DE8D1CA4D7DBDC2425F378A7C4E9E27 BaseClass: NativeClass:/Script/Engine.StaticMeshActor Name:StaticMeshActor_UAID_E89C25A5B9511F3902_1433347147 Label:mistnost_Ceiling SpatiallyLoaded:1 Bounds:IsValid=true, Min=(X=-100.000 Y=-350.000 Z=512.000), Max=(X=1900.000 Y=350.000 Z=512.000) RuntimeGrid:None EditorOnly:0 RuntimeOnly:0 HLODRelevant:1 ListedInSceneOutliner:1 IsMainWorldOnly:0 FolderPath:Mistnost FolderGuid:3E76C401462AED321C420C8D10C0142C
 |   |   |- Guid:549766514AE8189E881679B02BFE6793 BaseClass:/Game/ThirdPerson/Blueprints/BP_Tile.BP_Tile_C NativeClass:/Script/Engine.Actor Name:BP_Tile_C_UAID_E89C25A5B951E83802_1181537480 Label:BP_Tile5 SpatiallyLoaded:1 Bounds:IsValid=true, Min=(X=861.837 Y=-37.500 Z=-87.445), Max=(X=937.500 Y=37.500 Z=35.000) RuntimeGrid:None EditorOnly:0 RuntimeOnly:0 HLODRelevant:0 ListedInSceneOutliner:1 IsMainWorldOnly:0 Parent:1DAF677F4E237D378975C49549F40DB8 FolderPath:Jump2 FolderGuid:7E282D6A4A5B5A8848F7A18EA8C6A10A
 |   |   |- Guid:56054CD548E042A9473C72AEA89F24F3 BaseClass: NativeClass:/Script/Engine.StaticMeshActor Name:StaticMeshActor_UAID_E89C25A5B951213902_2013748506 Label:svetlo6 SpatiallyLoaded:1 Bounds:IsValid=true, Min=(X=500.000 Y=160.000 Z=492.000), Max=(X=800.000 Y=240.000 Z=512.000) RuntimeGrid:None EditorOnly:0 RuntimeOnly:0 HLODRelevant:1 ListedInSceneOutliner:1 IsMainWorldOnly:0 FolderPath:Svetla FolderGuid:1DEF0311458B07A43BE3949CDF79056F
 |   |   |- Guid:571E037547534B058F65FDB69CE291FA BaseClass: NativeClass:/Script/Engine.StaticMeshActor Name:StaticMeshActor_UAID_E89C25A5B951213902_2013747505 Label:svetlo5 SpatiallyLoaded:1 Bounds:IsValid=true, Min=(X=-0.000 Y=160.000 Z=492.000), Max=(X=300.000 Y=240.000 Z=512.000) RuntimeGrid:None EditorOnly:0 RuntimeOnly:0 HLODRelevant:1 ListedInSceneOutliner:1 IsMainWorldOnly:0 FolderPath:Svetla FolderGuid:1DEF0311458B07A43BE3949CDF79056F
 |   |   |- Guid:6BAF4DDD444C60371492D3919DB42C97 BaseClass: NativeClass:/Script/Engine.WorldDataLayers Name:WorldDataLayers Label:WorldDataLayers SpatiallyLoaded:0 Bounds:IsValid=true, Min=(X=0.000 Y=0.000 Z=0.000), Max=(X=0.000 Y=0.000 Z=0.000) RuntimeGrid:None EditorOnly:0 RuntimeOnly:0 HLODRelevant:0 ListedInSceneOutliner:1 IsMainWorldOnly:1
 |   |   |- Guid:6E4D76DB444E40B963CA46977F6EC657 BaseClass:/Game/ThirdPerson/Blueprints/BP_Floor.BP_Floor_C NativeClass:/Script/Engine.Actor Name:BP_Floor_C_UAID_E89C25A5B951EC3802_1640686192 Label:BP_Floor SpatiallyLoaded:1 Bounds:IsValid=true, Min=(X=-100.000 Y=-350.000 Z=-88.000), Max=(X=1900.000 Y=350.000 Z=-38.000) RuntimeGrid:None EditorOnly:0 RuntimeOnly:0 HLODRelevant:0 ListedInSceneOutliner:1 IsMainWorldOnly:0
 |   |   |- Guid:741D96C24FC129B2C20329B90EBA485D BaseClass: NativeClass:/Script/Engine.StaticMeshActor Name:StaticMeshActor_UAID_E89C25A5B9511F3902_1433342143 Label:mistnost_RightWall SpatiallyLoaded:1 Bounds:IsValid=true, Min=(X=-100.000 Y=350.000 Z=-88.000), Max=(X=1900.000 Y=350.000 Z=512.000) RuntimeGrid:None EditorOnly:0 RuntimeOnly:0 HLODRelevant:1 ListedInSceneOutliner:1 IsMainWorldOnly:0 FolderPath:Mistnost FolderGuid:3E76C401462AED321C420C8D10C0142C
 |   |   |- Guid:81D419B04D0806A4F9DE59B428184EEB BaseClass: NativeClass:/Script/Engine.StaticMeshActor Name:StaticMeshActor_UAID_E89C25A5B951213902_1950173502 Label:svetlo2 SpatiallyLoaded:1 Bounds:IsValid=true, Min=(X=500.000 Y=-240.000 Z=492.000), Max=(X=800.000 Y=-160.000 Z=512.000) RuntimeGrid:None EditorOnly:0 RuntimeOnly:0 HLODRelevant:1 ListedInSceneOutliner:1 IsMainWorldOnly:0 FolderPath:Svetla FolderGuid:1DEF0311458B07A43BE3949CDF79056F
 |   |   |- Guid:86DC93B0477DB02906EE85B7BFEFABF3 BaseClass:/Game/ThirdPerson/Blueprints/BP_Tile.BP_Tile_C NativeClass:/Script/Engine.Actor Name:BP_Tile_C_UAID_E89C25A5B951E73802_1693500292 Label:BP_Tile2 SpatiallyLoaded:1 Bounds:IsValid=true, Min=(X=257.779 Y=-39.755 Z=-87.445), Max=(X=340.483 Y=40.745 Z=35.000) RuntimeGrid:None EditorOnly:0 RuntimeOnly:0 HLODRelevant:0 ListedInSceneOutliner:1 IsMainWorldOnly:0 Parent:0A23BECE4F368F3E72711FB98BCDB188 FolderPath:Jump1 FolderGuid:A7703A554862A239578EF2A76320F1CC
 |   |   |- Guid:9A832A7E4C740607B99A71922202F251 BaseClass: NativeClass:/Script/Engine.StaticMeshActor Name:StaticMeshActor_UAID_E89C25A5B951213902_2013750508 Label:svetlo8 SpatiallyLoaded:1 Bounds:IsValid=true, Min=(X=1500.000 Y=160.000 Z=492.000), Max=(X=1800.000 Y=240.000 Z=512.000) RuntimeGrid:None EditorOnly:0 RuntimeOnly:0 HLODRelevant:1 ListedInSceneOutliner:1 IsMainWorldOnly:0 FolderPath:Svetla FolderGuid:1DEF0311458B07A43BE3949CDF79056F
 |   |   |- Guid:9FA5A3CA4DACA1F7ADDC9AA6A21162AC BaseClass: NativeClass:/Script/Engine.StaticMeshActor Name:StaticMeshActor_UAID_E89C25A5B9511F3902_1433345145 Label:mistnost_FrontWall SpatiallyLoaded:1 Bounds:IsValid=true, Min=(X=-100.000 Y=-350.000 Z=-88.000), Max=(X=-100.000 Y=350.000 Z=512.000) RuntimeGrid:None EditorOnly:0 RuntimeOnly:0 HLODRelevant:1 ListedInSceneOutliner:1 IsMainWorldOnly:0 FolderPath:Mistnost FolderGuid:3E76C401462AED321C420C8D10C0142C
 |   |   |- Guid:C3FD6AA844D229FB354EF2B98779DF5C BaseClass:/Game/ThirdPerson/Blueprints/BP_Tile.BP_Tile_C NativeClass:/Script/Engine.Actor Name:BP_Tile_C_UAID_E89C25A5B951E83802_1181536479 Label:BP_Tile4 SpatiallyLoaded:1 Bounds:IsValid=true, Min=(X=862.500 Y=-206.500 Z=-87.445), Max=(X=937.500 Y=-131.500 Z=35.000) RuntimeGrid:None EditorOnly:0 RuntimeOnly:0 HLODRelevant:0 ListedInSceneOutliner:1 IsMainWorldOnly:0 Parent:1DAF677F4E237D378975C49549F40DB8 FolderPath:Jump2 FolderGuid:7E282D6A4A5B5A8848F7A18EA8C6A10A
 |   |   |- Guid:C5513DC246C9FA01FD26279AF7ECCF68 BaseClass: NativeClass:/Script/Engine.StaticMeshActor Name:StaticMeshActor_UAID_E89C25A5B951213902_1712369501 Label:svetlo SpatiallyLoaded:1 Bounds:IsValid=true, Min=(X=-0.000 Y=-240.000 Z=492.000), Max=(X=300.000 Y=-160.000 Z=512.000) RuntimeGrid:None EditorOnly:0 RuntimeOnly:0 HLODRelevant:1 ListedInSceneOutliner:1 IsMainWorldOnly:0 FolderPath:Svetla FolderGuid:1DEF0311458B07A43BE3949CDF79056F
 |   |   |- Guid:CD0B4185417FC88D2D378E86C37F248B BaseClass: NativeClass:/Script/Engine.PlayerStart Name:PlayerStart_UAID_D85ED3AE9046713802_1733750521 Label:PlayerStart SpatiallyLoaded:0 Bounds:IsValid=true, Min=(X=-37.000 Y=-40.000 Z=98.000), Max=(X=43.000 Y=40.000 Z=282.000) RuntimeGrid:None EditorOnly:0 RuntimeOnly:0 HLODRelevant:0 ListedInSceneOutliner:1 IsMainWorldOnly:0
 |   |   |- Guid:CD6D6F2F4004CF002E264B9927F667DD BaseClass:/Game/ThirdPerson/Blueprints/BP_Tile.BP_Tile_C NativeClass:/Script/Engine.Actor Name:BP_Tile_C_UAID_E89C25A5B951E73802_1693501293 Label:BP_Tile3 SpatiallyLoaded:1 Bounds:IsValid=true, Min=(X=262.409 Y=131.500 Z=-87.445), Max=(X=337.500 Y=206.500 Z=35.000) RuntimeGrid:None EditorOnly:0 RuntimeOnly:0 HLODRelevant:0 ListedInSceneOutliner:1 IsMainWorldOnly:0 Parent:0A23BECE4F368F3E72711FB98BCDB188 FolderPath:Jump1 FolderGuid:A7703A554862A239578EF2A76320F1CC
 |   |   |- Guid:CDC97A294FD37EDD3EC6E38D233810CF BaseClass:/Game/ThirdPerson/Blueprints/BP_Checkpoint.BP_Checkpoint_C NativeClass:/Script/Engine.Actor Name:BP_Checkpoint_C_UAID_E89C25A5B951E83802_1513115486 Label:BP_Checkpoint4 SpatiallyLoaded:1 Bounds:IsValid=true, Min=(X=1775.000 Y=-195.000 Z=-88.000), Max=(X=2040.000 Y=197.000 Z=108.000) RuntimeGrid:None EditorOnly:0 RuntimeOnly:0 HLODRelevant:0 ListedInSceneOutliner:1 IsMainWorldOnly:0 FolderPath:Jump4 FolderGuid:B809F08746E02C61F35077806920CF36
 |   |   |- Guid:D51B17FD44649758989A8CB895BA8D47 BaseClass:/Game/ThirdPerson/Blueprints/BP_Tile.BP_Tile_C NativeClass:/Script/Engine.Actor Name:BP_Tile_C_UAID_E89C25A5B951E83802_1181539481 Label:BP_Tile6 SpatiallyLoaded:1 Bounds:IsValid=true, Min=(X=862.500 Y=131.500 Z=-87.445), Max=(X=937.500 Y=206.500 Z=35.000) RuntimeGrid:None EditorOnly:0 RuntimeOnly:0 HLODRelevant:0 ListedInSceneOutliner:1 IsMainWorldOnly:0 Parent:1DAF677F4E237D378975C49549F40DB8 FolderPath:Jump2 FolderGuid:7E282D6A4A5B5A8848F7A18EA8C6A10A
 |   |   |- Guid:E3D440884319D4E5A06CE0A4E3F96710 BaseClass:/Game/ThirdPerson/Blueprints/BP_Tile.BP_Tile_C NativeClass:/Script/Engine.Actor Name:BP_Tile_C_UAID_E89C25A5B951E83802_1506601483 Label:BP_Tile7 SpatiallyLoaded:1 Bounds:IsValid=true, Min=(X=1462.500 Y=-206.500 Z=-87.445), Max=(X=1537.500 Y=-131.500 Z=35.000) RuntimeGrid:None EditorOnly:0 RuntimeOnly:0 HLODRelevant:0 ListedInSceneOutliner:1 IsMainWorldOnly:0 Parent:33812DB34978FF90ECC194AB8ED5D072 FolderPath:Jump3 FolderGuid:FBA4E24C4D8148C03C9E4A9FDAADF4B2
 |   |   |- Guid:F17C747744891C799FD61C83337943CA BaseClass: NativeClass:/Script/Engine.StaticMeshActor Name:StaticMeshActor_UAID_E89C25A5B951213902_1960868503 Label:svetlo3 SpatiallyLoaded:1 Bounds:IsValid=true, Min=(X=1000.000 Y=-240.000 Z=492.000), Max=(X=1300.000 Y=-160.000 Z=512.000) RuntimeGrid:None EditorOnly:0 RuntimeOnly:0 HLODRelevant:1 ListedInSceneOutliner:1 IsMainWorldOnly:0 FolderPath:Svetla FolderGuid:1DEF0311458B07A43BE3949CDF79056F
 |   |   |- Guid:F84BD72B4DAC452AD8FC3BB2FC042745 BaseClass: NativeClass:/Script/Engine.StaticMeshActor Name:StaticMeshActor_UAID_E89C25A5B951213902_2013749507 Label:svetlo7 SpatiallyLoaded:1 Bounds:IsValid=true, Min=(X=1000.000 Y=160.000 Z=492.000), Max=(X=1300.000 Y=240.000 Z=512.000) RuntimeGrid:None EditorOnly:0 RuntimeOnly:0 HLODRelevant:1 ListedInSceneOutliner:1 IsMainWorldOnly:0 FolderPath:Svetla FolderGuid:1DEF0311458B07A43BE3949CDF79056F
 |   |   |- Guid:F9516A1A420BD84693C615AE6BBB7038 BaseClass: NativeClass:/Script/Engine.StaticMeshActor Name:StaticMeshActor_UAID_E89C25A5B951213902_1976989504 Label:svetlo4 SpatiallyLoaded:1 Bounds:IsValid=true, Min=(X=1500.000 Y=-240.000 Z=492.000), Max=(X=1800.000 Y=-160.000 Z=512.000) RuntimeGrid:None EditorOnly:0 RuntimeOnly:0 HLODRelevant:1 ListedInSceneOutliner:1 IsMainWorldOnly:0 FolderPath:Svetla FolderGuid:1DEF0311458B07A43BE3949CDF79056F
 |   |- [+] Clusters:
 |   |   |- [+] [  0]
 |   |   |   |- Guid:034051324208A5A2477D219751E3A45E BaseClass:/Game/ThirdPerson/Blueprints/BP_Tile.BP_Tile_C NativeClass:/Script/Engine.Actor Name:BP_Tile_C_UAID_E89C25A5B951E83802_1506605485 Label:BP_Tile9 SpatiallyLoaded:1 Bounds:IsValid=true, Min=(X=1462.500 Y=131.500 Z=-87.445), Max=(X=1537.500 Y=206.500 Z=35.000) RuntimeGrid:None EditorOnly:0 RuntimeOnly:0 HLODRelevant:0 ListedInSceneOutliner:1 IsMainWorldOnly:0 Parent:33812DB34978FF90ECC194AB8ED5D072 FolderPath:Jump3 FolderGuid:FBA4E24C4D8148C03C9E4A9FDAADF4B2
 |   |   |   |- Guid:09102E814B6260FF998834AF9181070F BaseClass:/Game/ThirdPerson/Blueprints/BP_Tile.BP_Tile_C NativeClass:/Script/Engine.Actor Name:BP_Tile_C_UAID_E89C25A5B951E83802_1506603484 Label:BP_Tile8 SpatiallyLoaded:1 Bounds:IsValid=true, Min=(X=1456.908 Y=-41.290 Z=-87.445), Max=(X=1541.551 Y=42.566 Z=35.000) RuntimeGrid:None EditorOnly:0 RuntimeOnly:0 HLODRelevant:0 ListedInSceneOutliner:1 IsMainWorldOnly:0 Parent:33812DB34978FF90ECC194AB8ED5D072 FolderPath:Jump3 FolderGuid:FBA4E24C4D8148C03C9E4A9FDAADF4B2
 |   |   |   |- Guid:33812DB34978FF90ECC194AB8ED5D072 BaseClass:/Game/ThirdPerson/Blueprints/BP_Checkpoint.BP_Checkpoint_C NativeClass:/Script/Engine.Actor Name:BP_Checkpoint_C_UAID_E89C25A5B951E83802_1499473482 Label:BP_Checkpoint3 SpatiallyLoaded:1 Bounds:IsValid=true, Min=(X=1175.000 Y=-195.000 Z=-88.000), Max=(X=1440.000 Y=197.000 Z=108.000) RuntimeGrid:None EditorOnly:0 RuntimeOnly:0 HLODRelevant:0 ListedInSceneOutliner:1 IsMainWorldOnly:0 FolderPath:Jump3 FolderGuid:FBA4E24C4D8148C03C9E4A9FDAADF4B2
 |   |   |   |- Guid:E3D440884319D4E5A06CE0A4E3F96710 BaseClass:/Game/ThirdPerson/Blueprints/BP_Tile.BP_Tile_C NativeClass:/Script/Engine.Actor Name:BP_Tile_C_UAID_E89C25A5B951E83802_1506601483 Label:BP_Tile7 SpatiallyLoaded:1 Bounds:IsValid=true, Min=(X=1462.500 Y=-206.500 Z=-87.445), Max=(X=1537.500 Y=-131.500 Z=35.000) RuntimeGrid:None EditorOnly:0 RuntimeOnly:0 HLODRelevant:0 ListedInSceneOutliner:1 IsMainWorldOnly:0 Parent:33812DB34978FF90ECC194AB8ED5D072 FolderPath:Jump3 FolderGuid:FBA4E24C4D8148C03C9E4A9FDAADF4B2
 |   |   |- [+] [  1]
 |   |   |   |- Guid:0A23BECE4F368F3E72711FB98BCDB188 BaseClass:/Game/ThirdPerson/Blueprints/BP_Checkpoint.BP_Checkpoint_C NativeClass:/Script/Engine.Actor Name:BP_Checkpoint_C_UAID_E89C25A5B951E73802_1693495290 Label:BP_Checkpoint1 SpatiallyLoaded:1 Bounds:IsValid=true, Min=(X=-25.000 Y=-195.000 Z=-88.000), Max=(X=240.000 Y=197.000 Z=108.000) RuntimeGrid:None EditorOnly:0 RuntimeOnly:0 HLODRelevant:0 ListedInSceneOutliner:1 IsMainWorldOnly:0 FolderPath:Jump1 FolderGuid:A7703A554862A239578EF2A76320F1CC
 |   |   |   |- Guid:118D1FF343D6D4E5EDB18099551F899C BaseClass:/Game/ThirdPerson/Blueprints/BP_Tile.BP_Tile_C NativeClass:/Script/Engine.Actor Name:BP_Tile_C_UAID_E89C25A5B951E73802_1693498291 Label:BP_Tile1 SpatiallyLoaded:1 Bounds:IsValid=true, Min=(X=257.106 Y=-209.815 Z=-87.445), Max=(X=341.267 Y=-127.021 Z=35.000) RuntimeGrid:None EditorOnly:0 RuntimeOnly:0 HLODRelevant:0 ListedInSceneOutliner:1 IsMainWorldOnly:0 Parent:0A23BECE4F368F3E72711FB98BCDB188 FolderPath:Jump1 FolderGuid:A7703A554862A239578EF2A76320F1CC
 |   |   |   |- Guid:86DC93B0477DB02906EE85B7BFEFABF3 BaseClass:/Game/ThirdPerson/Blueprints/BP_Tile.BP_Tile_C NativeClass:/Script/Engine.Actor Name:BP_Tile_C_UAID_E89C25A5B951E73802_1693500292 Label:BP_Tile2 SpatiallyLoaded:1 Bounds:IsValid=true, Min=(X=257.779 Y=-39.755 Z=-87.445), Max=(X=340.483 Y=40.745 Z=35.000) RuntimeGrid:None EditorOnly:0 RuntimeOnly:0 HLODRelevant:0 ListedInSceneOutliner:1 IsMainWorldOnly:0 Parent:0A23BECE4F368F3E72711FB98BCDB188 FolderPath:Jump1 FolderGuid:A7703A554862A239578EF2A76320F1CC
 |   |   |   |- Guid:CD6D6F2F4004CF002E264B9927F667DD BaseClass:/Game/ThirdPerson/Blueprints/BP_Tile.BP_Tile_C NativeClass:/Script/Engine.Actor Name:BP_Tile_C_UAID_E89C25A5B951E73802_1693501293 Label:BP_Tile3 SpatiallyLoaded:1 Bounds:IsValid=true, Min=(X=262.409 Y=131.500 Z=-87.445), Max=(X=337.500 Y=206.500 Z=35.000) RuntimeGrid:None EditorOnly:0 RuntimeOnly:0 HLODRelevant:0 ListedInSceneOutliner:1 IsMainWorldOnly:0 Parent:0A23BECE4F368F3E72711FB98BCDB188 FolderPath:Jump1 FolderGuid:A7703A554862A239578EF2A76320F1CC
 |   |   |- [+] [  2]
 |   |   |   |- Guid:1DAF677F4E237D378975C49549F40DB8 BaseClass:/Game/ThirdPerson/Blueprints/BP_Checkpoint.BP_Checkpoint_C NativeClass:/Script/Engine.Actor Name:BP_Checkpoint_C_UAID_E89C25A5B951E83802_1181534478 Label:BP_Checkpoint2 SpatiallyLoaded:1 Bounds:IsValid=true, Min=(X=575.000 Y=-195.000 Z=-88.000), Max=(X=840.000 Y=197.000 Z=108.000) RuntimeGrid:None EditorOnly:0 RuntimeOnly:0 HLODRelevant:0 ListedInSceneOutliner:1 IsMainWorldOnly:0 FolderPath:Jump2 FolderGuid:7E282D6A4A5B5A8848F7A18EA8C6A10A
 |   |   |   |- Guid:549766514AE8189E881679B02BFE6793 BaseClass:/Game/ThirdPerson/Blueprints/BP_Tile.BP_Tile_C NativeClass:/Script/Engine.Actor Name:BP_Tile_C_UAID_E89C25A5B951E83802_1181537480 Label:BP_Tile5 SpatiallyLoaded:1 Bounds:IsValid=true, Min=(X=861.837 Y=-37.500 Z=-87.445), Max=(X=937.500 Y=37.500 Z=35.000) RuntimeGrid:None EditorOnly:0 RuntimeOnly:0 HLODRelevant:0 ListedInSceneOutliner:1 IsMainWorldOnly:0 Parent:1DAF677F4E237D378975C49549F40DB8 FolderPath:Jump2 FolderGuid:7E282D6A4A5B5A8848F7A18EA8C6A10A
 |   |   |   |- Guid:C3FD6AA844D229FB354EF2B98779DF5C BaseClass:/Game/ThirdPerson/Blueprints/BP_Tile.BP_Tile_C NativeClass:/Script/Engine.Actor Name:BP_Tile_C_UAID_E89C25A5B951E83802_1181536479 Label:BP_Tile4 SpatiallyLoaded:1 Bounds:IsValid=true, Min=(X=862.500 Y=-206.500 Z=-87.445), Max=(X=937.500 Y=-131.500 Z=35.000) RuntimeGrid:None EditorOnly:0 RuntimeOnly:0 HLODRelevant:0 ListedInSceneOutliner:1 IsMainWorldOnly:0 Parent:1DAF677F4E237D378975C49549F40DB8 FolderPath:Jump2 FolderGuid:7E282D6A4A5B5A8848F7A18EA8C6A10A
 |   |   |   |- Guid:D51B17FD44649758989A8CB895BA8D47 BaseClass:/Game/ThirdPerson/Blueprints/BP_Tile.BP_Tile_C NativeClass:/Script/Engine.Actor Name:BP_Tile_C_UAID_E89C25A5B951E83802_1181539481 Label:BP_Tile6 SpatiallyLoaded:1 Bounds:IsValid=true, Min=(X=862.500 Y=131.500 Z=-87.445), Max=(X=937.500 Y=206.500 Z=35.000) RuntimeGrid:None EditorOnly:0 RuntimeOnly:0 HLODRelevant:0 ListedInSceneOutliner:1 IsMainWorldOnly:0 Parent:1DAF677F4E237D378975C49549F40DB8 FolderPath:Jump2 FolderGuid:7E282D6A4A5B5A8848F7A18EA8C6A10A
 |   |   |- [+] [  3]
 |   |   |   |- Guid:370899864DBB503240231AA5290DD93D BaseClass: NativeClass:/Script/Engine.StaticMeshActor Name:StaticMeshActor_UAID_E89C25A5B9511F3902_1433346146 Label:mistnost_Floor SpatiallyLoaded:1 Bounds:IsValid=true, Min=(X=-100.000 Y=-350.000 Z=-88.000), Max=(X=1900.000 Y=350.000 Z=-88.000) RuntimeGrid:None EditorOnly:0 RuntimeOnly:0 HLODRelevant:1 ListedInSceneOutliner:1 IsMainWorldOnly:0 FolderPath:Mistnost FolderGuid:3E76C401462AED321C420C8D10C0142C
 |   |   |- [+] [  4]
 |   |   |   |- Guid:3BEADE574DF086F655F86FA867166AB4 BaseClass: NativeClass:/Script/Engine.StaticMeshActor Name:StaticMeshActor_UAID_E89C25A5B9511F3902_1433344144 Label:mistnost_LeftWall SpatiallyLoaded:1 Bounds:IsValid=true, Min=(X=-100.000 Y=-350.000 Z=-88.000), Max=(X=1900.000 Y=-350.000 Z=512.000) RuntimeGrid:None EditorOnly:0 RuntimeOnly:0 HLODRelevant:1 ListedInSceneOutliner:1 IsMainWorldOnly:0 FolderPath:Mistnost FolderGuid:3E76C401462AED321C420C8D10C0142C
 |   |   |- [+] [  5]
 |   |   |   |- Guid:4BBB8AC94148D216B8EB789C9473F1A1 BaseClass: NativeClass:/Script/Engine.StaticMeshActor Name:StaticMeshActor_UAID_E89C25A5B9511F3902_1433348148 Label:mistnost_BackWall SpatiallyLoaded:1 Bounds:IsValid=true, Min=(X=1900.000 Y=-350.000 Z=-88.000), Max=(X=1900.000 Y=350.000 Z=512.000) RuntimeGrid:None EditorOnly:0 RuntimeOnly:0 HLODRelevant:1 ListedInSceneOutliner:1 IsMainWorldOnly:0 FolderPath:Mistnost FolderGuid:3E76C401462AED321C420C8D10C0142C
 |   |   |- [+] [  6]
 |   |   |   |- Guid:4DE8D1CA4D7DBDC2425F378A7C4E9E27 BaseClass: NativeClass:/Script/Engine.StaticMeshActor Name:StaticMeshActor_UAID_E89C25A5B9511F3902_1433347147 Label:mistnost_Ceiling SpatiallyLoaded:1 Bounds:IsValid=true, Min=(X=-100.000 Y=-350.000 Z=512.000), Max=(X=1900.000 Y=350.000 Z=512.000) RuntimeGrid:None EditorOnly:0 RuntimeOnly:0 HLODRelevant:1 ListedInSceneOutliner:1 IsMainWorldOnly:0 FolderPath:Mistnost FolderGuid:3E76C401462AED321C420C8D10C0142C
 |   |   |- [+] [  7]
 |   |   |   |- Guid:56054CD548E042A9473C72AEA89F24F3 BaseClass: NativeClass:/Script/Engine.StaticMeshActor Name:StaticMeshActor_UAID_E89C25A5B951213902_2013748506 Label:svetlo6 SpatiallyLoaded:1 Bounds:IsValid=true, Min=(X=500.000 Y=160.000 Z=492.000), Max=(X=800.000 Y=240.000 Z=512.000) RuntimeGrid:None EditorOnly:0 RuntimeOnly:0 HLODRelevant:1 ListedInSceneOutliner:1 IsMainWorldOnly:0 FolderPath:Svetla FolderGuid:1DEF0311458B07A43BE3949CDF79056F
 |   |   |- [+] [  8]
 |   |   |   |- Guid:571E037547534B058F65FDB69CE291FA BaseClass: NativeClass:/Script/Engine.StaticMeshActor Name:StaticMeshActor_UAID_E89C25A5B951213902_2013747505 Label:svetlo5 SpatiallyLoaded:1 Bounds:IsValid=true, Min=(X=-0.000 Y=160.000 Z=492.000), Max=(X=300.000 Y=240.000 Z=512.000) RuntimeGrid:None EditorOnly:0 RuntimeOnly:0 HLODRelevant:1 ListedInSceneOutliner:1 IsMainWorldOnly:0 FolderPath:Svetla FolderGuid:1DEF0311458B07A43BE3949CDF79056F
 |   |   |- [+] [  9]
 |   |   |   |- Guid:6BAF4DDD444C60371492D3919DB42C97 BaseClass: NativeClass:/Script/Engine.WorldDataLayers Name:WorldDataLayers Label:WorldDataLayers SpatiallyLoaded:0 Bounds:IsValid=true, Min=(X=0.000 Y=0.000 Z=0.000), Max=(X=0.000 Y=0.000 Z=0.000) RuntimeGrid:None EditorOnly:0 RuntimeOnly:0 HLODRelevant:0 ListedInSceneOutliner:1 IsMainWorldOnly:1
 |   |   |- [+] [ 10]
 |   |   |   |- Guid:6E4D76DB444E40B963CA46977F6EC657 BaseClass:/Game/ThirdPerson/Blueprints/BP_Floor.BP_Floor_C NativeClass:/Script/Engine.Actor Name:BP_Floor_C_UAID_E89C25A5B951EC3802_1640686192 Label:BP_Floor SpatiallyLoaded:1 Bounds:IsValid=true, Min=(X=-100.000 Y=-350.000 Z=-88.000), Max=(X=1900.000 Y=350.000 Z=-38.000) RuntimeGrid:None EditorOnly:0 RuntimeOnly:0 HLODRelevant:0 ListedInSceneOutliner:1 IsMainWorldOnly:0
 |   |   |- [+] [ 11]
 |   |   |   |- Guid:741D96C24FC129B2C20329B90EBA485D BaseClass: NativeClass:/Script/Engine.StaticMeshActor Name:StaticMeshActor_UAID_E89C25A5B9511F3902_1433342143 Label:mistnost_RightWall SpatiallyLoaded:1 Bounds:IsValid=true, Min=(X=-100.000 Y=350.000 Z=-88.000), Max=(X=1900.000 Y=350.000 Z=512.000) RuntimeGrid:None EditorOnly:0 RuntimeOnly:0 HLODRelevant:1 ListedInSceneOutliner:1 IsMainWorldOnly:0 FolderPath:Mistnost FolderGuid:3E76C401462AED321C420C8D10C0142C
 |   |   |- [+] [ 12]
 |   |   |   |- Guid:81D419B04D0806A4F9DE59B428184EEB BaseClass: NativeClass:/Script/Engine.StaticMeshActor Name:StaticMeshActor_UAID_E89C25A5B951213902_1950173502 Label:svetlo2 SpatiallyLoaded:1 Bounds:IsValid=true, Min=(X=500.000 Y=-240.000 Z=492.000), Max=(X=800.000 Y=-160.000 Z=512.000) RuntimeGrid:None EditorOnly:0 RuntimeOnly:0 HLODRelevant:1 ListedInSceneOutliner:1 IsMainWorldOnly:0 FolderPath:Svetla FolderGuid:1DEF0311458B07A43BE3949CDF79056F
 |   |   |- [+] [ 13]
 |   |   |   |- Guid:9A832A7E4C740607B99A71922202F251 BaseClass: NativeClass:/Script/Engine.StaticMeshActor Name:StaticMeshActor_UAID_E89C25A5B951213902_2013750508 Label:svetlo8 SpatiallyLoaded:1 Bounds:IsValid=true, Min=(X=1500.000 Y=160.000 Z=492.000), Max=(X=1800.000 Y=240.000 Z=512.000) RuntimeGrid:None EditorOnly:0 RuntimeOnly:0 HLODRelevant:1 ListedInSceneOutliner:1 IsMainWorldOnly:0 FolderPath:Svetla FolderGuid:1DEF0311458B07A43BE3949CDF79056F
 |   |   |- [+] [ 14]
 |   |   |   |- Guid:9FA5A3CA4DACA1F7ADDC9AA6A21162AC BaseClass: NativeClass:/Script/Engine.StaticMeshActor Name:StaticMeshActor_UAID_E89C25A5B9511F3902_1433345145 Label:mistnost_FrontWall SpatiallyLoaded:1 Bounds:IsValid=true, Min=(X=-100.000 Y=-350.000 Z=-88.000), Max=(X=-100.000 Y=350.000 Z=512.000) RuntimeGrid:None EditorOnly:0 RuntimeOnly:0 HLODRelevant:1 ListedInSceneOutliner:1 IsMainWorldOnly:0 FolderPath:Mistnost FolderGuid:3E76C401462AED321C420C8D10C0142C
 |   |   |- [+] [ 15]
 |   |   |   |- Guid:C5513DC246C9FA01FD26279AF7ECCF68 BaseClass: NativeClass:/Script/Engine.StaticMeshActor Name:StaticMeshActor_UAID_E89C25A5B951213902_1712369501 Label:svetlo SpatiallyLoaded:1 Bounds:IsValid=true, Min=(X=-0.000 Y=-240.000 Z=492.000), Max=(X=300.000 Y=-160.000 Z=512.000) RuntimeGrid:None EditorOnly:0 RuntimeOnly:0 HLODRelevant:1 ListedInSceneOutliner:1 IsMainWorldOnly:0 FolderPath:Svetla FolderGuid:1DEF0311458B07A43BE3949CDF79056F
 |   |   |- [+] [ 16]
 |   |   |   |- Guid:CD0B4185417FC88D2D378E86C37F248B BaseClass: NativeClass:/Script/Engine.PlayerStart Name:PlayerStart_UAID_D85ED3AE9046713802_1733750521 Label:PlayerStart SpatiallyLoaded:0 Bounds:IsValid=true, Min=(X=-37.000 Y=-40.000 Z=98.000), Max=(X=43.000 Y=40.000 Z=282.000) RuntimeGrid:None EditorOnly:0 RuntimeOnly:0 HLODRelevant:0 ListedInSceneOutliner:1 IsMainWorldOnly:0
 |   |   |- [+] [ 17]
 |   |   |   |- Guid:CDC97A294FD37EDD3EC6E38D233810CF BaseClass:/Game/ThirdPerson/Blueprints/BP_Checkpoint.BP_Checkpoint_C NativeClass:/Script/Engine.Actor Name:BP_Checkpoint_C_UAID_E89C25A5B951E83802_1513115486 Label:BP_Checkpoint4 SpatiallyLoaded:1 Bounds:IsValid=true, Min=(X=1775.000 Y=-195.000 Z=-88.000), Max=(X=2040.000 Y=197.000 Z=108.000) RuntimeGrid:None EditorOnly:0 RuntimeOnly:0 HLODRelevant:0 ListedInSceneOutliner:1 IsMainWorldOnly:0 FolderPath:Jump4 FolderGuid:B809F08746E02C61F35077806920CF36
 |   |   |- [+] [ 18]
 |   |   |   |- Guid:F17C747744891C799FD61C83337943CA BaseClass: NativeClass:/Script/Engine.StaticMeshActor Name:StaticMeshActor_UAID_E89C25A5B951213902_1960868503 Label:svetlo3 SpatiallyLoaded:1 Bounds:IsValid=true, Min=(X=1000.000 Y=-240.000 Z=492.000), Max=(X=1300.000 Y=-160.000 Z=512.000) RuntimeGrid:None EditorOnly:0 RuntimeOnly:0 HLODRelevant:1 ListedInSceneOutliner:1 IsMainWorldOnly:0 FolderPath:Svetla FolderGuid:1DEF0311458B07A43BE3949CDF79056F
 |   |   |- [+] [ 19]
 |   |   |   |- Guid:F84BD72B4DAC452AD8FC3BB2FC042745 BaseClass: NativeClass:/Script/Engine.StaticMeshActor Name:StaticMeshActor_UAID_E89C25A5B951213902_2013749507 Label:svetlo7 SpatiallyLoaded:1 Bounds:IsValid=true, Min=(X=1000.000 Y=160.000 Z=492.000), Max=(X=1300.000 Y=240.000 Z=512.000) RuntimeGrid:None EditorOnly:0 RuntimeOnly:0 HLODRelevant:1 ListedInSceneOutliner:1 IsMainWorldOnly:0 FolderPath:Svetla FolderGuid:1DEF0311458B07A43BE3949CDF79056F
 |   |   |- [+] [ 20]
 |   |   |   |- Guid:F9516A1A420BD84693C615AE6BBB7038 BaseClass: NativeClass:/Script/Engine.StaticMeshActor Name:StaticMeshActor_UAID_E89C25A5B951213902_1976989504 Label:svetlo4 SpatiallyLoaded:1 Bounds:IsValid=true, Min=(X=1500.000 Y=-240.000 Z=492.000), Max=(X=1800.000 Y=-160.000 Z=512.000) RuntimeGrid:None EditorOnly:0 RuntimeOnly:0 HLODRelevant:1 ListedInSceneOutliner:1 IsMainWorldOnly:0 FolderPath:Svetla FolderGuid:1DEF0311458B07A43BE3949CDF79056F
 |- ContainerInstances:
 |- [+] MainContainer:
 |   |-        ID: 00000000000000000000000000000000
 |   |-  ParentID: 00000000000000000000000000000000
 |   |-    Bounds: IsValid=false, Min=(X=0.000 Y=0.000 Z=0.000), Max=(X=0.000 Y=0.000 Z=0.000)
 |   |- Transform: 0.000000,0.000000,0.000000|0.000000,0.000000,-0.000000|1.000000,1.000000,1.000000
 |   |- Container: /Game/ThirdPerson/Maps/ThirdPersonMap
----------------------------------------------------------------------------------------------------------------
ThirdPersonMap - Persistent Level
----------------------------------------------------------------------------------------------------------------
[+] Content of ThirdPersonMap Persistent Level
 |- Always loaded Actor Count: 30 
 |- Actor Path: /Game/ThirdPerson/Maps/ThirdPersonMap.ThirdPersonMap:PersistentLevel.BP_Checkpoint_C_UAID_E89C25A5B951E73802_1693495290
 |- Actor Package: /Game/__ExternalActors__/ThirdPerson/Maps/ThirdPersonMap/A/N5/K090JPST620MMT0HDAV1XQ
 |- Actor Path: /Game/ThirdPerson/Maps/ThirdPersonMap.ThirdPersonMap:PersistentLevel.BP_Checkpoint_C_UAID_E89C25A5B951E83802_1181534478
 |- Actor Package: /Game/__ExternalActors__/ThirdPerson/Maps/ThirdPersonMap/5/Y6/GGLK43SK61LO8B5MHCZNMS
 |- Actor Path: /Game/ThirdPerson/Maps/ThirdPersonMap.ThirdPersonMap:PersistentLevel.BP_Checkpoint_C_UAID_E89C25A5B951E83802_1499473482
 |- Actor Package: /Game/__ExternalActors__/ThirdPerson/Maps/ThirdPersonMap/F/3Y/NQZFUM3B3B48B53N1SK4WS
 |- Actor Path: /Game/ThirdPerson/Maps/ThirdPersonMap.ThirdPersonMap:PersistentLevel.BP_Checkpoint_C_UAID_E89C25A5B951E83802_1513115486
 |- Actor Package: /Game/__ExternalActors__/ThirdPerson/Maps/ThirdPersonMap/9/GO/DWN139O6AAD2HHBQG0CVYO
 |- Actor Path: /Game/ThirdPerson/Maps/ThirdPersonMap.ThirdPersonMap:PersistentLevel.BP_Floor_C_UAID_E89C25A5B951EC3802_1640686192
 |- Actor Package: /Game/__ExternalActors__/ThirdPerson/Maps/ThirdPersonMap/6/9Z/EBK2UNBWXG9D10K8EA4EXE
 |- Actor Path: /Game/ThirdPerson/Maps/ThirdPersonMap.ThirdPersonMap:PersistentLevel.BP_Tile_C_UAID_E89C25A5B951E73802_1693498291
 |- Actor Package: /Game/__ExternalActors__/ThirdPerson/Maps/ThirdPersonMap/7/M3/TAPXUITRHTZCPG6Q0CJS56
 |- Actor Path: /Game/ThirdPerson/Maps/ThirdPersonMap.ThirdPersonMap:PersistentLevel.BP_Tile_C_UAID_E89C25A5B951E73802_1693500292
 |- Actor Package: /Game/__ExternalActors__/ThirdPerson/Maps/ThirdPersonMap/8/MA/5G624PZ7MNQM2CLVTEZG8Y
 |- Actor Path: /Game/ThirdPerson/Maps/ThirdPersonMap.ThirdPersonMap:PersistentLevel.BP_Tile_C_UAID_E89C25A5B951E73802_1693501293
 |- Actor Package: /Game/__ExternalActors__/ThirdPerson/Maps/ThirdPersonMap/E/5P/CF54JP88TDKK3RM8SA99DP
 |- Actor Path: /Game/ThirdPerson/Maps/ThirdPersonMap.ThirdPersonMap:PersistentLevel.BP_Tile_C_UAID_E89C25A5B951E83802_1181536479
 |- Actor Package: /Game/__ExternalActors__/ThirdPerson/Maps/ThirdPersonMap/D/7E/P1NLN03QR5IMNPPHUX5Y9J
 |- Actor Path: /Game/ThirdPerson/Maps/ThirdPersonMap.ThirdPersonMap:PersistentLevel.BP_Tile_C_UAID_E89C25A5B951E83802_1181537480
 |- Actor Package: /Game/__ExternalActors__/ThirdPerson/Maps/ThirdPersonMap/1/M5/A8H9FA4TMP6TRISZ7BCTL1
 |- Actor Path: /Game/ThirdPerson/Maps/ThirdPersonMap.ThirdPersonMap:PersistentLevel.BP_Tile_C_UAID_E89C25A5B951E83802_1181539481
 |- Actor Package: /Game/__ExternalActors__/ThirdPerson/Maps/ThirdPersonMap/5/KI/TVY491YVAC3834ZOU8UGJ1
 |- Actor Path: /Game/ThirdPerson/Maps/ThirdPersonMap.ThirdPersonMap:PersistentLevel.BP_Tile_C_UAID_E89C25A5B951E83802_1506601483
 |- Actor Package: /Game/__ExternalActors__/ThirdPerson/Maps/ThirdPersonMap/D/I7/Y3O2OMR1XA82DFEQ9SGSLD
 |- Actor Path: /Game/ThirdPerson/Maps/ThirdPersonMap.ThirdPersonMap:PersistentLevel.BP_Tile_C_UAID_E89C25A5B951E83802_1506603484
 |- Actor Package: /Game/__ExternalActors__/ThirdPerson/Maps/ThirdPersonMap/6/OS/GL65HNJMF4RG8BA1BDSBME
 |- Actor Path: /Game/ThirdPerson/Maps/ThirdPersonMap.ThirdPersonMap:PersistentLevel.BP_Tile_C_UAID_E89C25A5B951E83802_1506605485
 |- Actor Package: /Game/__ExternalActors__/ThirdPerson/Maps/ThirdPersonMap/A/75/TUG51NBV4B3RAZRVS3NS72
 |- Actor Path: /Game/ThirdPerson/Maps/ThirdPersonMap.ThirdPersonMap:PersistentLevel.PlayerStart_UAID_D85ED3AE9046713802_1733750521
 |- Actor Package: /Game/__ExternalActors__/ThirdPerson/Maps/ThirdPersonMap/0/YF/PVW30A7J49A91DDZMJWKPY
 |- Actor Path: /Game/ThirdPerson/Maps/ThirdPersonMap.ThirdPersonMap:PersistentLevel.StaticMeshActor_UAID_E89C25A5B9511F3902_1433342143
 |- Actor Package: /Game/__ExternalActors__/ThirdPerson/Maps/ThirdPersonMap/E/3J/0EQ5815CUOIX97OCCIUN34
 |- Actor Path: /Game/ThirdPerson/Maps/ThirdPersonMap.ThirdPersonMap:PersistentLevel.StaticMeshActor_UAID_E89C25A5B9511F3902_1433344144
 |- Actor Package: /Game/__ExternalActors__/ThirdPerson/Maps/ThirdPersonMap/2/U9/MQ345HF6GSTNNELEOTE8UY
 |- Actor Path: /Game/ThirdPerson/Maps/ThirdPersonMap.ThirdPersonMap:PersistentLevel.StaticMeshActor_UAID_E89C25A5B9511F3902_1433345145
 |- Actor Package: /Game/__ExternalActors__/ThirdPerson/Maps/ThirdPersonMap/6/FS/4R14OZV0P0PPZPJAYNE4SY
 |- Actor Path: /Game/ThirdPerson/Maps/ThirdPersonMap.ThirdPersonMap:PersistentLevel.StaticMeshActor_UAID_E89C25A5B9511F3902_1433346146
 |- Actor Package: /Game/__ExternalActors__/ThirdPerson/Maps/ThirdPersonMap/9/1J/68ZI9KKACZVAOV84B4WL89
 |- Actor Path: /Game/ThirdPerson/Maps/ThirdPersonMap.ThirdPersonMap:PersistentLevel.StaticMeshActor_UAID_E89C25A5B9511F3902_1433347147
 |- Actor Package: /Game/__ExternalActors__/ThirdPerson/Maps/ThirdPersonMap/7/CW/OF9LDK98Z7M3S0Z9HIR7HU
 |- Actor Path: /Game/ThirdPerson/Maps/ThirdPersonMap.ThirdPersonMap:PersistentLevel.StaticMeshActor_UAID_E89C25A5B9511F3902_1433348148
 |- Actor Package: /Game/__ExternalActors__/ThirdPerson/Maps/ThirdPersonMap/A/XK/C58MGTHU38RVGE23900GCU
 |- Actor Path: /Game/ThirdPerson/Maps/ThirdPersonMap.ThirdPersonMap:PersistentLevel.StaticMeshActor_UAID_E89C25A5B951213902_1712369501
 |- Actor Package: /Game/__ExternalActors__/ThirdPerson/Maps/ThirdPersonMap/7/TA/FMHGDMJQYI5HJ72JGSCKXX
 |- Actor Path: /Game/ThirdPerson/Maps/ThirdPersonMap.ThirdPersonMap:PersistentLevel.StaticMeshActor_UAID_E89C25A5B951213902_1950173502
 |- Actor Package: /Game/__ExternalActors__/ThirdPerson/Maps/ThirdPersonMap/6/E8/1R2RLK4BVL1LFCWHPYFNV5
 |- Actor Path: /Game/ThirdPerson/Maps/ThirdPersonMap.ThirdPersonMap:PersistentLevel.StaticMeshActor_UAID_E89C25A5B951213902_1960868503
 |- Actor Package: /Game/__ExternalActors__/ThirdPerson/Maps/ThirdPersonMap/7/E6/B00TAX256H8EZJ192N45BP
 |- Actor Path: /Game/ThirdPerson/Maps/ThirdPersonMap.ThirdPersonMap:PersistentLevel.StaticMeshActor_UAID_E89C25A5B951213902_1976989504
 |- Actor Package: /Game/__ExternalActors__/ThirdPerson/Maps/ThirdPersonMap/9/1N/0Y25ZZQ7M41LLP2A8ZXXKY
 |- Actor Path: /Game/ThirdPerson/Maps/ThirdPersonMap.ThirdPersonMap:PersistentLevel.StaticMeshActor_UAID_E89C25A5B951213902_2013747505
 |- Actor Package: /Game/__ExternalActors__/ThirdPerson/Maps/ThirdPersonMap/0/5I/YCFC9S9KXXN3KZ0ZLFH80W
 |- Actor Path: /Game/ThirdPerson/Maps/ThirdPersonMap.ThirdPersonMap:PersistentLevel.StaticMeshActor_UAID_E89C25A5B951213902_2013748506
 |- Actor Package: /Game/__ExternalActors__/ThirdPerson/Maps/ThirdPersonMap/6/J3/ZP9N12C0EXSTBEE8LBH2G1
 |- Actor Path: /Game/ThirdPerson/Maps/ThirdPersonMap.ThirdPersonMap:PersistentLevel.StaticMeshActor_UAID_E89C25A5B951213902_2013749507
 |- Actor Package: /Game/__ExternalActors__/ThirdPerson/Maps/ThirdPersonMap/4/I5/O7A9PHFZ15Q85KGVJ3AA91
 |- Actor Path: /Game/ThirdPerson/Maps/ThirdPersonMap.ThirdPersonMap:PersistentLevel.StaticMeshActor_UAID_E89C25A5B951213902_2013750508
 |- Actor Package: /Game/__ExternalActors__/ThirdPerson/Maps/ThirdPersonMap/A/JY/SQNW6CI6S7J1VAN10ET021
 |- Actor Path: /Game/ThirdPerson/Maps/ThirdPersonMap.ThirdPersonMap:PersistentLevel.WorldDataLayers
 |- Actor Package: /Game/__ExternalActors__/ThirdPerson/Maps/ThirdPersonMap/0/43/HYQWORMY4JDQ5X3OKZXFLC

----------------------------------------------------------------------------------------------------------------
ThirdPersonMap - Runtime Hash Set
----------------------------------------------------------------------------------------------------------------

