[+] Containers:
 |- [+] Container: /Game/ThirdPerson/Maps/ThirdPersonMap
 |   |- [+] ActorDescs:
 |   |   |- Guid:034051324208A5A2477D219751E3A45E BaseClass:/Game/ThirdPerson/Blueprints/BP_Tile.BP_Tile_C NativeClass:/Script/Engine.Actor Name:BP_Tile_C_UAID_E89C25A5B951E83802_1506605485 Label:BP_Tile9 SpatiallyLoaded:1 Bounds:IsValid=true, Min=(X=1437.500 Y=106.500 Z=-25.000), Max=(X=1562.500 Y=231.500 Z=39.000) RuntimeGrid:None EditorOnly:0 RuntimeOnly:0 HLODRelevant:0 ListedInSceneOutliner:1 IsMainWorldOnly:0 FolderPath:Jump2 FolderGuid:7E282D6A4A5B5A8848F7A18EA8C6A10A
 |   |   |- Guid:09102E814B6260FF998834AF9181070F BaseClass:/Game/ThirdPerson/Blueprints/BP_Tile.BP_Tile_C NativeClass:/Script/Engine.Actor Name:BP_Tile_C_UAID_E89C25A5B951E83802_1506603484 Label:BP_Tile8 SpatiallyLoaded:1 Bounds:IsValid=true, Min=(X=1437.500 Y=-62.500 Z=-25.000), Max=(X=1562.500 Y=62.500 Z=39.000) RuntimeGrid:None EditorOnly:0 RuntimeOnly:0 HLODRelevant:0 ListedInSceneOutliner:1 IsMainWorldOnly:0 FolderPath:Jump2 FolderGuid:7E282D6A4A5B5A8848F7A18EA8C6A10A
 |   |   |- Guid:0A23BECE4F368F3E72711FB98BCDB188 BaseClass:/Game/ThirdPerson/Blueprints/BP_Checkpoint.BP_Checkpoint_C NativeClass:/Script/Engine.Actor Name:BP_Checkpoint_C_UAID_E89C25A5B951E73802_1693495290 Label:BP_Checkpoint SpatiallyLoaded:1 Bounds:IsValid=true, Min=(X=-57.500 Y=-231.500 Z=-65.000), Max=(X=240.000 Y=233.500 Z=95.000) RuntimeGrid:None EditorOnly:0 RuntimeOnly:0 HLODRelevant:0 ListedInSceneOutliner:1 IsMainWorldOnly:0 FolderPath:Jump1 FolderGuid:A7703A554862A239578EF2A76320F1CC
 |   |   |- Guid:118D1FF343D6D4E5EDB18099551F899C BaseClass:/Game/ThirdPerson/Blueprints/BP_Tile.BP_Tile_C NativeClass:/Script/Engine.Actor Name:BP_Tile_C_UAID_E89C25A5B951E73802_1693498291 Label:BP_Tile1 SpatiallyLoaded:1 Bounds:IsValid=true, Min=(X=237.500 Y=-231.500 Z=-25.000), Max=(X=362.500 Y=-106.500 Z=39.000) RuntimeGrid:None EditorOnly:0 RuntimeOnly:0 HLODRelevant:0 ListedInSceneOutliner:1 IsMainWorldOnly:0 FolderPath:Jump1 FolderGuid:A7703A554862A239578EF2A76320F1CC
 |   |   |- Guid:1DAF677F4E237D378975C49549F40DB8 BaseClass:/Game/ThirdPerson/Blueprints/BP_Checkpoint.BP_Checkpoint_C NativeClass:/Script/Engine.Actor Name:BP_Checkpoint_C_UAID_E89C25A5B951E83802_1181534478 Label:BP_Checkpoint2 SpatiallyLoaded:1 Bounds:IsValid=true, Min=(X=542.500 Y=-231.500 Z=-65.000), Max=(X=840.000 Y=233.500 Z=95.000) RuntimeGrid:None EditorOnly:0 RuntimeOnly:0 HLODRelevant:0 ListedInSceneOutliner:1 IsMainWorldOnly:0 FolderPath:Jump2 FolderGuid:7E282D6A4A5B5A8848F7A18EA8C6A10A
 |   |   |- Guid:2FB58999456391D349DC0F86DAC136ED BaseClass: NativeClass:/Script/Engine.SkyLight Name:SkyLight_1 Label:SkyLight SpatiallyLoaded:0 Bounds:IsValid=true, Min=(X=0.000 Y=0.000 Z=690.000), Max=(X=0.000 Y=0.000 Z=690.000) RuntimeGrid:None EditorOnly:0 RuntimeOnly:0 HLODRelevant:0 ListedInSceneOutliner:1 IsMainWorldOnly:0 FolderPath:Lighting FolderGuid:963EC3EB4002CCE9759E2EBA541A873A
 |   |   |- Guid:316CF2A6494ACA4C0E4180A87D36AB8F BaseClass: NativeClass:/Script/Engine.ExponentialHeightFog Name:ExponentialHeightFog_0 Label:ExponentialHeightFog SpatiallyLoaded:0 Bounds:IsValid=true, Min=(X=-5600.000 Y=-50.000 Z=-6850.000), Max=(X=-5600.000 Y=-50.000 Z=-6850.000) RuntimeGrid:None EditorOnly:0 RuntimeOnly:0 HLODRelevant:0 ListedInSceneOutliner:1 IsMainWorldOnly:0 FolderPath:Lighting FolderGuid:963EC3EB4002CCE9759E2EBA541A873A
 |   |   |- Guid:33812DB34978FF90ECC194AB8ED5D072 BaseClass:/Game/ThirdPerson/Blueprints/BP_Checkpoint.BP_Checkpoint_C NativeClass:/Script/Engine.Actor Name:BP_Checkpoint_C_UAID_E89C25A5B951E83802_1499473482 Label:BP_Checkpoint3 SpatiallyLoaded:1 Bounds:IsValid=true, Min=(X=1142.500 Y=-231.500 Z=-65.000), Max=(X=1440.000 Y=233.500 Z=95.000) RuntimeGrid:None EditorOnly:0 RuntimeOnly:0 HLODRelevant:0 ListedInSceneOutliner:1 IsMainWorldOnly:0 FolderPath:Jump2 FolderGuid:7E282D6A4A5B5A8848F7A18EA8C6A10A
 |   |   |- Guid:4D3BE93F4146AAAC8BBE79999D96D57F BaseClass: NativeClass:/Script/Engine.VolumetricCloud Name:VolumetricCloud_0 Label:VolumetricCloud SpatiallyLoaded:0 Bounds:IsValid=true, Min=(X=0.000 Y=0.000 Z=820.000), Max=(X=0.000 Y=0.000 Z=820.000) RuntimeGrid:None EditorOnly:0 RuntimeOnly:0 HLODRelevant:0 ListedInSceneOutliner:1 IsMainWorldOnly:0 FolderPath:Lighting FolderGuid:963EC3EB4002CCE9759E2EBA541A873A
 |   |   |- Guid:549766514AE8189E881679B02BFE6793 BaseClass:/Game/ThirdPerson/Blueprints/BP_Tile.BP_Tile_C NativeClass:/Script/Engine.Actor Name:BP_Tile_C_UAID_E89C25A5B951E83802_1181537480 Label:BP_Tile5 SpatiallyLoaded:1 Bounds:IsValid=true, Min=(X=837.500 Y=-62.500 Z=-25.000), Max=(X=962.500 Y=62.500 Z=39.000) RuntimeGrid:None EditorOnly:0 RuntimeOnly:0 HLODRelevant:0 ListedInSceneOutliner:1 IsMainWorldOnly:0 FolderPath:Jump2 FolderGuid:7E282D6A4A5B5A8848F7A18EA8C6A10A
 |   |   |- Guid:6BAF4DDD444C60371492D3919DB42C97 BaseClass: NativeClass:/Script/Engine.WorldDataLayers Name:WorldDataLayers Label:WorldDataLayers SpatiallyLoaded:0 Bounds:IsValid=true, Min=(X=0.000 Y=0.000 Z=0.000), Max=(X=0.000 Y=0.000 Z=0.000) RuntimeGrid:None EditorOnly:0 RuntimeOnly:0 HLODRelevant:0 ListedInSceneOutliner:1 IsMainWorldOnly:1
 |   |   |- Guid:86DC93B0477DB02906EE85B7BFEFABF3 BaseClass:/Game/ThirdPerson/Blueprints/BP_Tile.BP_Tile_C NativeClass:/Script/Engine.Actor Name:BP_Tile_C_UAID_E89C25A5B951E73802_1693500292 Label:BP_Tile2 SpatiallyLoaded:1 Bounds:IsValid=true, Min=(X=237.500 Y=-62.500 Z=-25.000), Max=(X=362.500 Y=62.500 Z=39.000) RuntimeGrid:None EditorOnly:0 RuntimeOnly:0 HLODRelevant:0 ListedInSceneOutliner:1 IsMainWorldOnly:0 FolderPath:Jump1 FolderGuid:A7703A554862A239578EF2A76320F1CC
 |   |   |- Guid:B785ED2844B84CFB91E7F39FE661CD99 BaseClass: NativeClass:/Script/Engine.DirectionalLight Name:DirectionalLight_0 Label:DirectionalLight SpatiallyLoaded:0 Bounds:IsValid=true, Min=(X=-1048576.000 Y=-1048576.000 Z=-1048576.000), Max=(X=1048576.000 Y=1048576.000 Z=1048576.000) RuntimeGrid:None EditorOnly:0 RuntimeOnly:0 HLODRelevant:0 ListedInSceneOutliner:1 IsMainWorldOnly:0 FolderPath:Lighting FolderGuid:963EC3EB4002CCE9759E2EBA541A873A
 |   |   |- Guid:C3FD6AA844D229FB354EF2B98779DF5C BaseClass:/Game/ThirdPerson/Blueprints/BP_Tile.BP_Tile_C NativeClass:/Script/Engine.Actor Name:BP_Tile_C_UAID_E89C25A5B951E83802_1181536479 Label:BP_Tile4 SpatiallyLoaded:1 Bounds:IsValid=true, Min=(X=837.500 Y=-231.500 Z=-25.000), Max=(X=962.500 Y=-106.500 Z=39.000) RuntimeGrid:None EditorOnly:0 RuntimeOnly:0 HLODRelevant:0 ListedInSceneOutliner:1 IsMainWorldOnly:0 FolderPath:Jump2 FolderGuid:7E282D6A4A5B5A8848F7A18EA8C6A10A
 |   |   |- Guid:CCFF262C46EEFFDF319E7F9539CE697E BaseClass: NativeClass:/Script/Engine.SkyAtmosphere Name:SkyAtmosphere_0 Label:SkyAtmosphere SpatiallyLoaded:0 Bounds:IsValid=true, Min=(X=0.000 Y=0.000 Z=1020.000), Max=(X=0.000 Y=0.000 Z=1020.000) RuntimeGrid:None EditorOnly:0 RuntimeOnly:0 HLODRelevant:0 ListedInSceneOutliner:1 IsMainWorldOnly:0 FolderPath:Lighting FolderGuid:963EC3EB4002CCE9759E2EBA541A873A
 |   |   |- Guid:CD0B4185417FC88D2D378E86C37F248B BaseClass: NativeClass:/Script/Engine.PlayerStart Name:PlayerStart_UAID_D85ED3AE9046713802_1733750521 Label:PlayerStart2 SpatiallyLoaded:0 Bounds:IsValid=true, Min=(X=-37.000 Y=-40.000 Z=53.000), Max=(X=43.000 Y=40.000 Z=237.000) RuntimeGrid:None EditorOnly:0 RuntimeOnly:0 HLODRelevant:0 ListedInSceneOutliner:1 IsMainWorldOnly:0
 |   |   |- Guid:CD6D6F2F4004CF002E264B9927F667DD BaseClass:/Game/ThirdPerson/Blueprints/BP_Tile.BP_Tile_C NativeClass:/Script/Engine.Actor Name:BP_Tile_C_UAID_E89C25A5B951E73802_1693501293 Label:BP_Tile3 SpatiallyLoaded:1 Bounds:IsValid=true, Min=(X=237.500 Y=106.500 Z=-25.000), Max=(X=362.500 Y=231.500 Z=39.000) RuntimeGrid:None EditorOnly:0 RuntimeOnly:0 HLODRelevant:0 ListedInSceneOutliner:1 IsMainWorldOnly:0 FolderPath:Jump1 FolderGuid:A7703A554862A239578EF2A76320F1CC
 |   |   |- Guid:CDC97A294FD37EDD3EC6E38D233810CF BaseClass:/Game/ThirdPerson/Blueprints/BP_Checkpoint.BP_Checkpoint_C NativeClass:/Script/Engine.Actor Name:BP_Checkpoint_C_UAID_E89C25A5B951E83802_1513115486 Label:BP_Checkpoint4 SpatiallyLoaded:1 Bounds:IsValid=true, Min=(X=1742.500 Y=-231.500 Z=-65.000), Max=(X=2040.000 Y=233.500 Z=95.000) RuntimeGrid:None EditorOnly:0 RuntimeOnly:0 HLODRelevant:0 ListedInSceneOutliner:1 IsMainWorldOnly:0 FolderPath:Jump2 FolderGuid:7E282D6A4A5B5A8848F7A18EA8C6A10A
 |   |   |- Guid:D51B17FD44649758989A8CB895BA8D47 BaseClass:/Game/ThirdPerson/Blueprints/BP_Tile.BP_Tile_C NativeClass:/Script/Engine.Actor Name:BP_Tile_C_UAID_E89C25A5B951E83802_1181539481 Label:BP_Tile6 SpatiallyLoaded:1 Bounds:IsValid=true, Min=(X=837.500 Y=106.500 Z=-25.000), Max=(X=962.500 Y=231.500 Z=39.000) RuntimeGrid:None EditorOnly:0 RuntimeOnly:0 HLODRelevant:0 ListedInSceneOutliner:1 IsMainWorldOnly:0 FolderPath:Jump2 FolderGuid:7E282D6A4A5B5A8848F7A18EA8C6A10A
 |   |   |- Guid:E3D440884319D4E5A06CE0A4E3F96710 BaseClass:/Game/ThirdPerson/Blueprints/BP_Tile.BP_Tile_C NativeClass:/Script/Engine.Actor Name:BP_Tile_C_UAID_E89C25A5B951E83802_1506601483 Label:BP_Tile7 SpatiallyLoaded:1 Bounds:IsValid=true, Min=(X=1437.500 Y=-231.500 Z=-25.000), Max=(X=1562.500 Y=-106.500 Z=39.000) RuntimeGrid:None EditorOnly:0 RuntimeOnly:0 HLODRelevant:0 ListedInSceneOutliner:1 IsMainWorldOnly:0 FolderPath:Jump2 FolderGuid:7E282D6A4A5B5A8848F7A18EA8C6A10A
 |   |   |- Guid:EC4E0C944CE6AC6E784BC6BB2916EA13 BaseClass: NativeClass:/Script/Engine.StaticMeshActor Name:StaticMeshActor_UAID_A4AE111137DC5EFB00_1110535423 Label:SM_SkySphere SpatiallyLoaded:0 Bounds:IsValid=true, Min=(X=-1638400.000 Y=-1638400.000 Z=-1638400.000), Max=(X=1638400.000 Y=1638400.000 Z=1638400.000) RuntimeGrid:None EditorOnly:0 RuntimeOnly:0 HLODRelevant:1 ListedInSceneOutliner:1 IsMainWorldOnly:0 FolderPath:Lighting FolderGuid:963EC3EB4002CCE9759E2EBA541A873A
 |   |   |- Guid:F5E3FEB3450C49844FD93DA8E083C8AD BaseClass: NativeClass:/Script/Engine.PostProcessVolume Name:PostProcessVolume_0 Label:PostProcessVolume SpatiallyLoaded:0 Bounds:IsValid=true, Min=(X=0.000 Y=0.000 Z=400.000), Max=(X=200.000 Y=200.000 Z=600.000) RuntimeGrid:None EditorOnly:0 RuntimeOnly:0 HLODRelevant:0 ListedInSceneOutliner:1 IsMainWorldOnly:0 FolderPath:Lighting FolderGuid:963EC3EB4002CCE9759E2EBA541A873A
 |   |- [+] Clusters:
 |   |   |- [+] [  0]
 |   |   |   |- Guid:034051324208A5A2477D219751E3A45E BaseClass:/Game/ThirdPerson/Blueprints/BP_Tile.BP_Tile_C NativeClass:/Script/Engine.Actor Name:BP_Tile_C_UAID_E89C25A5B951E83802_1506605485 Label:BP_Tile9 SpatiallyLoaded:1 Bounds:IsValid=true, Min=(X=1437.500 Y=106.500 Z=-25.000), Max=(X=1562.500 Y=231.500 Z=39.000) RuntimeGrid:None EditorOnly:0 RuntimeOnly:0 HLODRelevant:0 ListedInSceneOutliner:1 IsMainWorldOnly:0 FolderPath:Jump2 FolderGuid:7E282D6A4A5B5A8848F7A18EA8C6A10A
 |   |   |- [+] [  1]
 |   |   |   |- Guid:09102E814B6260FF998834AF9181070F BaseClass:/Game/ThirdPerson/Blueprints/BP_Tile.BP_Tile_C NativeClass:/Script/Engine.Actor Name:BP_Tile_C_UAID_E89C25A5B951E83802_1506603484 Label:BP_Tile8 SpatiallyLoaded:1 Bounds:IsValid=true, Min=(X=1437.500 Y=-62.500 Z=-25.000), Max=(X=1562.500 Y=62.500 Z=39.000) RuntimeGrid:None EditorOnly:0 RuntimeOnly:0 HLODRelevant:0 ListedInSceneOutliner:1 IsMainWorldOnly:0 FolderPath:Jump2 FolderGuid:7E282D6A4A5B5A8848F7A18EA8C6A10A
 |   |   |- [+] [  2]
 |   |   |   |- Guid:0A23BECE4F368F3E72711FB98BCDB188 BaseClass:/Game/ThirdPerson/Blueprints/BP_Checkpoint.BP_Checkpoint_C NativeClass:/Script/Engine.Actor Name:BP_Checkpoint_C_UAID_E89C25A5B951E73802_1693495290 Label:BP_Checkpoint SpatiallyLoaded:1 Bounds:IsValid=true, Min=(X=-57.500 Y=-231.500 Z=-65.000), Max=(X=240.000 Y=233.500 Z=95.000) RuntimeGrid:None EditorOnly:0 RuntimeOnly:0 HLODRelevant:0 ListedInSceneOutliner:1 IsMainWorldOnly:0 FolderPath:Jump1 FolderGuid:A7703A554862A239578EF2A76320F1CC
 |   |   |- [+] [  3]
 |   |   |   |- Guid:118D1FF343D6D4E5EDB18099551F899C BaseClass:/Game/ThirdPerson/Blueprints/BP_Tile.BP_Tile_C NativeClass:/Script/Engine.Actor Name:BP_Tile_C_UAID_E89C25A5B951E73802_1693498291 Label:BP_Tile1 SpatiallyLoaded:1 Bounds:IsValid=true, Min=(X=237.500 Y=-231.500 Z=-25.000), Max=(X=362.500 Y=-106.500 Z=39.000) RuntimeGrid:None EditorOnly:0 RuntimeOnly:0 HLODRelevant:0 ListedInSceneOutliner:1 IsMainWorldOnly:0 FolderPath:Jump1 FolderGuid:A7703A554862A239578EF2A76320F1CC
 |   |   |- [+] [  4]
 |   |   |   |- Guid:1DAF677F4E237D378975C49549F40DB8 BaseClass:/Game/ThirdPerson/Blueprints/BP_Checkpoint.BP_Checkpoint_C NativeClass:/Script/Engine.Actor Name:BP_Checkpoint_C_UAID_E89C25A5B951E83802_1181534478 Label:BP_Checkpoint2 SpatiallyLoaded:1 Bounds:IsValid=true, Min=(X=542.500 Y=-231.500 Z=-65.000), Max=(X=840.000 Y=233.500 Z=95.000) RuntimeGrid:None EditorOnly:0 RuntimeOnly:0 HLODRelevant:0 ListedInSceneOutliner:1 IsMainWorldOnly:0 FolderPath:Jump2 FolderGuid:7E282D6A4A5B5A8848F7A18EA8C6A10A
 |   |   |- [+] [  5]
 |   |   |   |- Guid:2FB58999456391D349DC0F86DAC136ED BaseClass: NativeClass:/Script/Engine.SkyLight Name:SkyLight_1 Label:SkyLight SpatiallyLoaded:0 Bounds:IsValid=true, Min=(X=0.000 Y=0.000 Z=690.000), Max=(X=0.000 Y=0.000 Z=690.000) RuntimeGrid:None EditorOnly:0 RuntimeOnly:0 HLODRelevant:0 ListedInSceneOutliner:1 IsMainWorldOnly:0 FolderPath:Lighting FolderGuid:963EC3EB4002CCE9759E2EBA541A873A
 |   |   |- [+] [  6]
 |   |   |   |- Guid:316CF2A6494ACA4C0E4180A87D36AB8F BaseClass: NativeClass:/Script/Engine.ExponentialHeightFog Name:ExponentialHeightFog_0 Label:ExponentialHeightFog SpatiallyLoaded:0 Bounds:IsValid=true, Min=(X=-5600.000 Y=-50.000 Z=-6850.000), Max=(X=-5600.000 Y=-50.000 Z=-6850.000) RuntimeGrid:None EditorOnly:0 RuntimeOnly:0 HLODRelevant:0 ListedInSceneOutliner:1 IsMainWorldOnly:0 FolderPath:Lighting FolderGuid:963EC3EB4002CCE9759E2EBA541A873A
 |   |   |- [+] [  7]
 |   |   |   |- Guid:33812DB34978FF90ECC194AB8ED5D072 BaseClass:/Game/ThirdPerson/Blueprints/BP_Checkpoint.BP_Checkpoint_C NativeClass:/Script/Engine.Actor Name:BP_Checkpoint_C_UAID_E89C25A5B951E83802_1499473482 Label:BP_Checkpoint3 SpatiallyLoaded:1 Bounds:IsValid=true, Min=(X=1142.500 Y=-231.500 Z=-65.000), Max=(X=1440.000 Y=233.500 Z=95.000) RuntimeGrid:None EditorOnly:0 RuntimeOnly:0 HLODRelevant:0 ListedInSceneOutliner:1 IsMainWorldOnly:0 FolderPath:Jump2 FolderGuid:7E282D6A4A5B5A8848F7A18EA8C6A10A
 |   |   |- [+] [  8]
 |   |   |   |- Guid:4D3BE93F4146AAAC8BBE79999D96D57F BaseClass: NativeClass:/Script/Engine.VolumetricCloud Name:VolumetricCloud_0 Label:VolumetricCloud SpatiallyLoaded:0 Bounds:IsValid=true, Min=(X=0.000 Y=0.000 Z=820.000), Max=(X=0.000 Y=0.000 Z=820.000) RuntimeGrid:None EditorOnly:0 RuntimeOnly:0 HLODRelevant:0 ListedInSceneOutliner:1 IsMainWorldOnly:0 FolderPath:Lighting FolderGuid:963EC3EB4002CCE9759E2EBA541A873A
 |   |   |- [+] [  9]
 |   |   |   |- Guid:549766514AE8189E881679B02BFE6793 BaseClass:/Game/ThirdPerson/Blueprints/BP_Tile.BP_Tile_C NativeClass:/Script/Engine.Actor Name:BP_Tile_C_UAID_E89C25A5B951E83802_1181537480 Label:BP_Tile5 SpatiallyLoaded:1 Bounds:IsValid=true, Min=(X=837.500 Y=-62.500 Z=-25.000), Max=(X=962.500 Y=62.500 Z=39.000) RuntimeGrid:None EditorOnly:0 RuntimeOnly:0 HLODRelevant:0 ListedInSceneOutliner:1 IsMainWorldOnly:0 FolderPath:Jump2 FolderGuid:7E282D6A4A5B5A8848F7A18EA8C6A10A
 |   |   |- [+] [ 10]
 |   |   |   |- Guid:6BAF4DDD444C60371492D3919DB42C97 BaseClass: NativeClass:/Script/Engine.WorldDataLayers Name:WorldDataLayers Label:WorldDataLayers SpatiallyLoaded:0 Bounds:IsValid=true, Min=(X=0.000 Y=0.000 Z=0.000), Max=(X=0.000 Y=0.000 Z=0.000) RuntimeGrid:None EditorOnly:0 RuntimeOnly:0 HLODRelevant:0 ListedInSceneOutliner:1 IsMainWorldOnly:1
 |   |   |- [+] [ 11]
 |   |   |   |- Guid:86DC93B0477DB02906EE85B7BFEFABF3 BaseClass:/Game/ThirdPerson/Blueprints/BP_Tile.BP_Tile_C NativeClass:/Script/Engine.Actor Name:BP_Tile_C_UAID_E89C25A5B951E73802_1693500292 Label:BP_Tile2 SpatiallyLoaded:1 Bounds:IsValid=true, Min=(X=237.500 Y=-62.500 Z=-25.000), Max=(X=362.500 Y=62.500 Z=39.000) RuntimeGrid:None EditorOnly:0 RuntimeOnly:0 HLODRelevant:0 ListedInSceneOutliner:1 IsMainWorldOnly:0 FolderPath:Jump1 FolderGuid:A7703A554862A239578EF2A76320F1CC
 |   |   |- [+] [ 12]
 |   |   |   |- Guid:B785ED2844B84CFB91E7F39FE661CD99 BaseClass: NativeClass:/Script/Engine.DirectionalLight Name:DirectionalLight_0 Label:DirectionalLight SpatiallyLoaded:0 Bounds:IsValid=true, Min=(X=-1048576.000 Y=-1048576.000 Z=-1048576.000), Max=(X=1048576.000 Y=1048576.000 Z=1048576.000) RuntimeGrid:None EditorOnly:0 RuntimeOnly:0 HLODRelevant:0 ListedInSceneOutliner:1 IsMainWorldOnly:0 FolderPath:Lighting FolderGuid:963EC3EB4002CCE9759E2EBA541A873A
 |   |   |- [+] [ 13]
 |   |   |   |- Guid:C3FD6AA844D229FB354EF2B98779DF5C BaseClass:/Game/ThirdPerson/Blueprints/BP_Tile.BP_Tile_C NativeClass:/Script/Engine.Actor Name:BP_Tile_C_UAID_E89C25A5B951E83802_1181536479 Label:BP_Tile4 SpatiallyLoaded:1 Bounds:IsValid=true, Min=(X=837.500 Y=-231.500 Z=-25.000), Max=(X=962.500 Y=-106.500 Z=39.000) RuntimeGrid:None EditorOnly:0 RuntimeOnly:0 HLODRelevant:0 ListedInSceneOutliner:1 IsMainWorldOnly:0 FolderPath:Jump2 FolderGuid:7E282D6A4A5B5A8848F7A18EA8C6A10A
 |   |   |- [+] [ 14]
 |   |   |   |- Guid:CCFF262C46EEFFDF319E7F9539CE697E BaseClass: NativeClass:/Script/Engine.SkyAtmosphere Name:SkyAtmosphere_0 Label:SkyAtmosphere SpatiallyLoaded:0 Bounds:IsValid=true, Min=(X=0.000 Y=0.000 Z=1020.000), Max=(X=0.000 Y=0.000 Z=1020.000) RuntimeGrid:None EditorOnly:0 RuntimeOnly:0 HLODRelevant:0 ListedInSceneOutliner:1 IsMainWorldOnly:0 FolderPath:Lighting FolderGuid:963EC3EB4002CCE9759E2EBA541A873A
 |   |   |- [+] [ 15]
 |   |   |   |- Guid:CD0B4185417FC88D2D378E86C37F248B BaseClass: NativeClass:/Script/Engine.PlayerStart Name:PlayerStart_UAID_D85ED3AE9046713802_1733750521 Label:PlayerStart2 SpatiallyLoaded:0 Bounds:IsValid=true, Min=(X=-37.000 Y=-40.000 Z=53.000), Max=(X=43.000 Y=40.000 Z=237.000) RuntimeGrid:None EditorOnly:0 RuntimeOnly:0 HLODRelevant:0 ListedInSceneOutliner:1 IsMainWorldOnly:0
 |   |   |- [+] [ 16]
 |   |   |   |- Guid:CD6D6F2F4004CF002E264B9927F667DD BaseClass:/Game/ThirdPerson/Blueprints/BP_Tile.BP_Tile_C NativeClass:/Script/Engine.Actor Name:BP_Tile_C_UAID_E89C25A5B951E73802_1693501293 Label:BP_Tile3 SpatiallyLoaded:1 Bounds:IsValid=true, Min=(X=237.500 Y=106.500 Z=-25.000), Max=(X=362.500 Y=231.500 Z=39.000) RuntimeGrid:None EditorOnly:0 RuntimeOnly:0 HLODRelevant:0 ListedInSceneOutliner:1 IsMainWorldOnly:0 FolderPath:Jump1 FolderGuid:A7703A554862A239578EF2A76320F1CC
 |   |   |- [+] [ 17]
 |   |   |   |- Guid:CDC97A294FD37EDD3EC6E38D233810CF BaseClass:/Game/ThirdPerson/Blueprints/BP_Checkpoint.BP_Checkpoint_C NativeClass:/Script/Engine.Actor Name:BP_Checkpoint_C_UAID_E89C25A5B951E83802_1513115486 Label:BP_Checkpoint4 SpatiallyLoaded:1 Bounds:IsValid=true, Min=(X=1742.500 Y=-231.500 Z=-65.000), Max=(X=2040.000 Y=233.500 Z=95.000) RuntimeGrid:None EditorOnly:0 RuntimeOnly:0 HLODRelevant:0 ListedInSceneOutliner:1 IsMainWorldOnly:0 FolderPath:Jump2 FolderGuid:7E282D6A4A5B5A8848F7A18EA8C6A10A
 |   |   |- [+] [ 18]
 |   |   |   |- Guid:D51B17FD44649758989A8CB895BA8D47 BaseClass:/Game/ThirdPerson/Blueprints/BP_Tile.BP_Tile_C NativeClass:/Script/Engine.Actor Name:BP_Tile_C_UAID_E89C25A5B951E83802_1181539481 Label:BP_Tile6 SpatiallyLoaded:1 Bounds:IsValid=true, Min=(X=837.500 Y=106.500 Z=-25.000), Max=(X=962.500 Y=231.500 Z=39.000) RuntimeGrid:None EditorOnly:0 RuntimeOnly:0 HLODRelevant:0 ListedInSceneOutliner:1 IsMainWorldOnly:0 FolderPath:Jump2 FolderGuid:7E282D6A4A5B5A8848F7A18EA8C6A10A
 |   |   |- [+] [ 19]
 |   |   |   |- Guid:E3D440884319D4E5A06CE0A4E3F96710 BaseClass:/Game/ThirdPerson/Blueprints/BP_Tile.BP_Tile_C NativeClass:/Script/Engine.Actor Name:BP_Tile_C_UAID_E89C25A5B951E83802_1506601483 Label:BP_Tile7 SpatiallyLoaded:1 Bounds:IsValid=true, Min=(X=1437.500 Y=-231.500 Z=-25.000), Max=(X=1562.500 Y=-106.500 Z=39.000) RuntimeGrid:None EditorOnly:0 RuntimeOnly:0 HLODRelevant:0 ListedInSceneOutliner:1 IsMainWorldOnly:0 FolderPath:Jump2 FolderGuid:7E282D6A4A5B5A8848F7A18EA8C6A10A
 |   |   |- [+] [ 20]
 |   |   |   |- Guid:EC4E0C944CE6AC6E784BC6BB2916EA13 BaseClass: NativeClass:/Script/Engine.StaticMeshActor Name:StaticMeshActor_UAID_A4AE111137DC5EFB00_1110535423 Label:SM_SkySphere SpatiallyLoaded:0 Bounds:IsValid=true, Min=(X=-1638400.000 Y=-1638400.000 Z=-1638400.000), Max=(X=1638400.000 Y=1638400.000 Z=1638400.000) RuntimeGrid:None EditorOnly:0 RuntimeOnly:0 HLODRelevant:1 ListedInSceneOutliner:1 IsMainWorldOnly:0 FolderPath:Lighting FolderGuid:963EC3EB4002CCE9759E2EBA541A873A
 |   |   |- [+] [ 21]
 |   |   |   |- Guid:F5E3FEB3450C49844FD93DA8E083C8AD BaseClass: NativeClass:/Script/Engine.PostProcessVolume Name:PostProcessVolume_0 Label:PostProcessVolume SpatiallyLoaded:0 Bounds:IsValid=true, Min=(X=0.000 Y=0.000 Z=400.000), Max=(X=200.000 Y=200.000 Z=600.000) RuntimeGrid:None EditorOnly:0 RuntimeOnly:0 HLODRelevant:0 ListedInSceneOutliner:1 IsMainWorldOnly:0 FolderPath:Lighting FolderGuid:963EC3EB4002CCE9759E2EBA541A873A
 |- ContainerInstances:
 |- [+] MainContainer:
 |   |-        ID: 00000000000000000000000000000000
 |   |-  ParentID: 00000000000000000000000000000000
 |   |-    Bounds: IsValid=false, Min=(X=0.000 Y=0.000 Z=0.000), Max=(X=0.000 Y=0.000 Z=0.000)
 |   |- Transform: 0.000000,0.000000,0.000000|0.000000,0.000000,-0.000000|1.000000,1.000000,1.000000
 |   |- Container: /Game/ThirdPerson/Maps/ThirdPersonMap
----------------------------------------------------------------------------------------------------------------
ThirdPersonMap - Persistent Level
----------------------------------------------------------------------------------------------------------------
[+] Content of ThirdPersonMap Persistent Level
 |- Always loaded Actor Count: 22 
 |- Actor Path: /Game/ThirdPerson/Maps/ThirdPersonMap.ThirdPersonMap:PersistentLevel.BP_Checkpoint_C_UAID_E89C25A5B951E73802_1693495290
 |- Actor Package: /Game/__ExternalActors__/ThirdPerson/Maps/ThirdPersonMap/A/N5/K090JPST620MMT0HDAV1XQ
 |- Actor Path: /Game/ThirdPerson/Maps/ThirdPersonMap.ThirdPersonMap:PersistentLevel.BP_Checkpoint_C_UAID_E89C25A5B951E83802_1181534478
 |- Actor Package: /Game/__ExternalActors__/ThirdPerson/Maps/ThirdPersonMap/5/Y6/GGLK43SK61LO8B5MHCZNMS
 |- Actor Path: /Game/ThirdPerson/Maps/ThirdPersonMap.ThirdPersonMap:PersistentLevel.BP_Checkpoint_C_UAID_E89C25A5B951E83802_1499473482
 |- Actor Package: /Game/__ExternalActors__/ThirdPerson/Maps/ThirdPersonMap/F/3Y/NQZFUM3B3B48B53N1SK4WS
 |- Actor Path: /Game/ThirdPerson/Maps/ThirdPersonMap.ThirdPersonMap:PersistentLevel.BP_Checkpoint_C_UAID_E89C25A5B951E83802_1513115486
 |- Actor Package: /Game/__ExternalActors__/ThirdPerson/Maps/ThirdPersonMap/9/GO/DWN139O6AAD2HHBQG0CVYO
 |- Actor Path: /Game/ThirdPerson/Maps/ThirdPersonMap.ThirdPersonMap:PersistentLevel.BP_Tile_C_UAID_E89C25A5B951E73802_1693498291
 |- Actor Package: /Game/__ExternalActors__/ThirdPerson/Maps/ThirdPersonMap/7/M3/TAPXUITRHTZCPG6Q0CJS56
 |- Actor Path: /Game/ThirdPerson/Maps/ThirdPersonMap.ThirdPersonMap:PersistentLevel.BP_Tile_C_UAID_E89C25A5B951E73802_1693500292
 |- Actor Package: /Game/__ExternalActors__/ThirdPerson/Maps/ThirdPersonMap/8/MA/5G624PZ7MNQM2CLVTEZG8Y
 |- Actor Path: /Game/ThirdPerson/Maps/ThirdPersonMap.ThirdPersonMap:PersistentLevel.BP_Tile_C_UAID_E89C25A5B951E73802_1693501293
 |- Actor Package: /Game/__ExternalActors__/ThirdPerson/Maps/ThirdPersonMap/E/5P/CF54JP88TDKK3RM8SA99DP
 |- Actor Path: /Game/ThirdPerson/Maps/ThirdPersonMap.ThirdPersonMap:PersistentLevel.BP_Tile_C_UAID_E89C25A5B951E83802_1181536479
 |- Actor Package: /Game/__ExternalActors__/ThirdPerson/Maps/ThirdPersonMap/D/7E/P1NLN03QR5IMNPPHUX5Y9J
 |- Actor Path: /Game/ThirdPerson/Maps/ThirdPersonMap.ThirdPersonMap:PersistentLevel.BP_Tile_C_UAID_E89C25A5B951E83802_1181537480
 |- Actor Package: /Game/__ExternalActors__/ThirdPerson/Maps/ThirdPersonMap/1/M5/A8H9FA4TMP6TRISZ7BCTL1
 |- Actor Path: /Game/ThirdPerson/Maps/ThirdPersonMap.ThirdPersonMap:PersistentLevel.BP_Tile_C_UAID_E89C25A5B951E83802_1181539481
 |- Actor Package: /Game/__ExternalActors__/ThirdPerson/Maps/ThirdPersonMap/5/KI/TVY491YVAC3834ZOU8UGJ1
 |- Actor Path: /Game/ThirdPerson/Maps/ThirdPersonMap.ThirdPersonMap:PersistentLevel.BP_Tile_C_UAID_E89C25A5B951E83802_1506601483
 |- Actor Package: /Game/__ExternalActors__/ThirdPerson/Maps/ThirdPersonMap/D/I7/Y3O2OMR1XA82DFEQ9SGSLD
 |- Actor Path: /Game/ThirdPerson/Maps/ThirdPersonMap.ThirdPersonMap:PersistentLevel.BP_Tile_C_UAID_E89C25A5B951E83802_1506603484
 |- Actor Package: /Game/__ExternalActors__/ThirdPerson/Maps/ThirdPersonMap/6/OS/GL65HNJMF4RG8BA1BDSBME
 |- Actor Path: /Game/ThirdPerson/Maps/ThirdPersonMap.ThirdPersonMap:PersistentLevel.BP_Tile_C_UAID_E89C25A5B951E83802_1506605485
 |- Actor Package: /Game/__ExternalActors__/ThirdPerson/Maps/ThirdPersonMap/A/75/TUG51NBV4B3RAZRVS3NS72
 |- Actor Path: /Game/ThirdPerson/Maps/ThirdPersonMap.ThirdPersonMap:PersistentLevel.DirectionalLight_0
 |- Actor Package: /Game/__ExternalActors__/ThirdPerson/Maps/ThirdPersonMap/5/R1/TS5OQ5CRUWFZYL1ZQ7I416
 |- Actor Path: /Game/ThirdPerson/Maps/ThirdPersonMap.ThirdPersonMap:PersistentLevel.ExponentialHeightFog_0
 |- Actor Package: /Game/__ExternalActors__/ThirdPerson/Maps/ThirdPersonMap/6/J7/N10XDC9G27EMLS5AGZ6AVV
 |- Actor Path: /Game/ThirdPerson/Maps/ThirdPersonMap.ThirdPersonMap:PersistentLevel.PlayerStart_UAID_D85ED3AE9046713802_1733750521
 |- Actor Package: /Game/__ExternalActors__/ThirdPerson/Maps/ThirdPersonMap/0/YF/PVW30A7J49A91DDZMJWKPY
 |- Actor Path: /Game/ThirdPerson/Maps/ThirdPersonMap.ThirdPersonMap:PersistentLevel.PostProcessVolume_0
 |- Actor Package: /Game/__ExternalActors__/ThirdPerson/Maps/ThirdPersonMap/1/AZ/A7GPT109Y6ZTTJD4A7TXER
 |- Actor Path: /Game/ThirdPerson/Maps/ThirdPersonMap.ThirdPersonMap:PersistentLevel.SkyAtmosphere_0
 |- Actor Package: /Game/__ExternalActors__/ThirdPerson/Maps/ThirdPersonMap/4/LN/30UBDLYFFA5ZR7U4W4L4GG
 |- Actor Path: /Game/ThirdPerson/Maps/ThirdPersonMap.ThirdPersonMap:PersistentLevel.SkyLight_1
 |- Actor Package: /Game/__ExternalActors__/ThirdPerson/Maps/ThirdPersonMap/8/S1/DXUWD12MD3HRWVVXX076BY
 |- Actor Path: /Game/ThirdPerson/Maps/ThirdPersonMap.ThirdPersonMap:PersistentLevel.StaticMeshActor_UAID_A4AE111137DC5EFB00_1110535423
 |- Actor Package: /Game/__ExternalActors__/ThirdPerson/Maps/ThirdPersonMap/4/PN/2QISIGK5DJNQ05US8O8FXW
 |- Actor Path: /Game/ThirdPerson/Maps/ThirdPersonMap.ThirdPersonMap:PersistentLevel.VolumetricCloud_0
 |- Actor Package: /Game/__ExternalActors__/ThirdPerson/Maps/ThirdPersonMap/3/EY/87SHEJN5UBEAN2K5OV1G6R
 |- Actor Path: /Game/ThirdPerson/Maps/ThirdPersonMap.ThirdPersonMap:PersistentLevel.WorldDataLayers
 |- Actor Package: /Game/__ExternalActors__/ThirdPerson/Maps/ThirdPersonMap/0/43/HYQWORMY4JDQ5X3OKZXFLC

----------------------------------------------------------------------------------------------------------------
ThirdPersonMap - Runtime Hash Set
----------------------------------------------------------------------------------------------------------------

